status file for recon-all
Thu Jan 18 19:13:16 UTC 2018
#@# MotionCor Thu Jan 18 19:13:30 UTC 2018
#@# Talairach Thu Jan 18 19:14:10 UTC 2018
#@# Talairach Failure Detection Thu Jan 18 19:21:20 UTC 2018
#@# Nu Intensity Correction Thu Jan 18 19:21:21 UTC 2018
#@# Intensity Normalization Thu Jan 18 19:30:10 UTC 2018
#@# Skull Stripping Thu Jan 18 19:37:45 UTC 2018
#@# EM Registration Thu Jan 18 21:00:46 UTC 2018
#@# CA Normalize Thu Jan 18 22:03:29 UTC 2018
#@# CA Reg Thu Jan 18 22:09:12 UTC 2018
#@# SubCort Seg Fri Jan 19 07:43:13 UTC 2018
#@# Merge ASeg Fri Jan 19 09:54:40 UTC 2018
#@# Intensity Normalization2 Fri Jan 19 09:54:40 UTC 2018
#@# Mask BFS Fri Jan 19 10:03:56 UTC 2018
#@# WM Segmentation Fri Jan 19 10:04:01 UTC 2018
#@# Fill Fri Jan 19 10:09:30 UTC 2018
#@# Tessellate lh Fri Jan 19 10:11:37 UTC 2018
#@# Tessellate rh Fri Jan 19 10:11:54 UTC 2018
#@# Smooth1 lh Fri Jan 19 10:12:12 UTC 2018
#@# Smooth1 rh Fri Jan 19 10:12:23 UTC 2018
#@# Inflation1 lh Fri Jan 19 10:12:34 UTC 2018
#@# Inflation1 rh Fri Jan 19 10:13:43 UTC 2018
#@# QSphere lh Fri Jan 19 10:14:59 UTC 2018
#@# QSphere rh Fri Jan 19 10:22:36 UTC 2018
#@# Fix Topology Copy lh Fri Jan 19 10:29:49 UTC 2018
#@# Fix Topology Copy rh Fri Jan 19 10:29:49 UTC 2018
#@# Fix Topology lh Fri Jan 19 10:29:49 UTC 2018
#@# Fix Topology rh Fri Jan 19 11:40:48 UTC 2018
#@# Make White Surf lh Fri Jan 19 12:48:38 UTC 2018
#@# Make White Surf rh Fri Jan 19 12:59:07 UTC 2018
#@# Smooth2 lh Fri Jan 19 13:09:59 UTC 2018
#@# Smooth2 rh Fri Jan 19 13:10:08 UTC 2018
#@# Inflation2 lh Fri Jan 19 13:10:20 UTC 2018
#@# Inflation2 rh Fri Jan 19 13:11:31 UTC 2018
#@# Curv .H and .K lh Fri Jan 19 13:12:44 UTC 2018
#@# Curv .H and .K rh Fri Jan 19 13:15:35 UTC 2018
#@# Curvature Stats lh Fri Jan 19 13:18:39 UTC 2018
#@# Curvature Stats rh Fri Jan 19 13:18:48 UTC 2018
#@# Sphere lh Fri Jan 19 13:18:56 UTC 2018
#@# Sphere rh Fri Jan 19 14:12:20 UTC 2018
#@# Surf Reg lh Fri Jan 19 15:15:20 UTC 2018
#@# Surf Reg rh Fri Jan 19 17:08:27 UTC 2018
#@# Jacobian white lh Fri Jan 19 18:44:01 UTC 2018
#@# Jacobian white rh Fri Jan 19 18:44:04 UTC 2018
#@# AvgCurv lh Fri Jan 19 18:44:09 UTC 2018
#@# AvgCurv rh Fri Jan 19 18:44:13 UTC 2018
#@# Cortical Parc lh Fri Jan 19 18:44:17 UTC 2018
#@# Cortical Parc rh Fri Jan 19 18:44:52 UTC 2018
#@# Make Pial Surf lh Fri Jan 19 18:45:26 UTC 2018
#@# Make Pial Surf rh Fri Jan 19 19:16:42 UTC 2018
#@# Surf Volume lh Fri Jan 19 19:48:38 UTC 2018
#@# Surf Volume rh Fri Jan 19 19:48:46 UTC 2018
#@# Cortical ribbon mask Fri Jan 19 19:48:53 UTC 2018
#@# Parcellation Stats lh Fri Jan 19 20:12:47 UTC 2018
#@# Parcellation Stats rh Fri Jan 19 20:15:42 UTC 2018
#@# Cortical Parc 2 lh Fri Jan 19 20:18:50 UTC 2018
#@# Cortical Parc 2 rh Fri Jan 19 20:19:31 UTC 2018
#@# Parcellation Stats 2 lh Fri Jan 19 20:20:23 UTC 2018
#@# Parcellation Stats 2 rh Fri Jan 19 20:21:55 UTC 2018
#@# Cortical Parc 3 lh Fri Jan 19 20:23:31 UTC 2018
#@# Cortical Parc 3 rh Fri Jan 19 20:24:08 UTC 2018
#@# Parcellation Stats 3 lh Fri Jan 19 20:24:43 UTC 2018
#@# Parcellation Stats 3 rh Fri Jan 19 20:26:10 UTC 2018
#@# WM/GM Contrast lh Fri Jan 19 20:27:36 UTC 2018
#@# WM/GM Contrast rh Fri Jan 19 20:27:49 UTC 2018
#@# Relabel Hypointensities Fri Jan 19 20:28:04 UTC 2018
#@# AParc-to-ASeg aparc Fri Jan 19 20:29:10 UTC 2018
#@# AParc-to-ASeg a2009s Fri Jan 19 20:42:44 UTC 2018
#@# AParc-to-ASeg DKTatlas Fri Jan 19 20:55:53 UTC 2018
#@# APas-to-ASeg Fri Jan 19 21:09:23 UTC 2018
#@# ASeg Stats Fri Jan 19 21:09:42 UTC 2018
#@# WMParc Fri Jan 19 21:20:32 UTC 2018
#@# BA_exvivo Labels lh Fri Jan 19 21:49:20 UTC 2018
#@# BA_exvivo Labels rh Fri Jan 19 22:00:08 UTC 2018
recon-all -s 3805 finished without error at Fri Jan 19 22:11:10 UTC 2018
