status file for recon-all
Thu Jan 11 18:49:52 UTC 2018
#@# MotionCor Thu Jan 11 18:50:00 UTC 2018
#@# Talairach Thu Jan 11 18:50:37 UTC 2018
#@# Talairach Failure Detection Thu Jan 11 18:57:33 UTC 2018
#@# Nu Intensity Correction Thu Jan 11 18:57:33 UTC 2018
#@# Intensity Normalization Thu Jan 11 19:08:18 UTC 2018
#@# Skull Stripping Thu Jan 11 19:15:31 UTC 2018
#@# EM Registration Thu Jan 11 20:14:56 UTC 2018
#@# CA Normalize Thu Jan 11 21:23:17 UTC 2018
#@# CA Reg Thu Jan 11 21:27:50 UTC 2018
#@# SubCort Seg Fri Jan 12 06:55:19 UTC 2018
#@# Merge ASeg Fri Jan 12 10:27:11 UTC 2018
#@# Intensity Normalization2 Fri Jan 12 10:27:11 UTC 2018
#@# Mask BFS Fri Jan 12 10:36:24 UTC 2018
#@# WM Segmentation Fri Jan 12 10:36:30 UTC 2018
#@# Fill Fri Jan 12 10:42:17 UTC 2018
#@# Tessellate lh Fri Jan 12 10:44:31 UTC 2018
#@# Tessellate rh Fri Jan 12 10:44:48 UTC 2018
#@# Smooth1 lh Fri Jan 12 10:45:05 UTC 2018
#@# Smooth1 rh Fri Jan 12 10:45:19 UTC 2018
#@# Inflation1 lh Fri Jan 12 10:45:33 UTC 2018
#@# Inflation1 rh Fri Jan 12 10:46:53 UTC 2018
#@# QSphere lh Fri Jan 12 10:48:17 UTC 2018
#@# QSphere rh Fri Jan 12 10:56:32 UTC 2018
#@# Fix Topology Copy lh Fri Jan 12 11:06:34 UTC 2018
#@# Fix Topology Copy rh Fri Jan 12 11:06:34 UTC 2018
#@# Fix Topology lh Fri Jan 12 11:06:34 UTC 2018
#@# Fix Topology rh Fri Jan 12 11:37:55 UTC 2018
#@# Make White Surf lh Fri Jan 12 11:59:47 UTC 2018
#@# Make White Surf rh Fri Jan 12 12:11:18 UTC 2018
#@# Smooth2 lh Fri Jan 12 12:22:38 UTC 2018
#@# Smooth2 rh Fri Jan 12 12:22:51 UTC 2018
#@# Inflation2 lh Fri Jan 12 12:23:04 UTC 2018
#@# Inflation2 rh Fri Jan 12 12:24:24 UTC 2018
#@# Curv .H and .K lh Fri Jan 12 12:25:44 UTC 2018
#@# Curv .H and .K rh Fri Jan 12 12:28:49 UTC 2018
#@# Curvature Stats lh Fri Jan 12 12:31:53 UTC 2018
#@# Curvature Stats rh Fri Jan 12 12:32:02 UTC 2018
#@# Sphere lh Fri Jan 12 12:32:10 UTC 2018
#@# Sphere rh Fri Jan 12 14:16:10 UTC 2018
#@# Surf Reg lh Fri Jan 12 16:14:03 UTC 2018
#@# Surf Reg rh Fri Jan 12 18:43:50 UTC 2018
#@# Jacobian white lh Fri Jan 12 20:45:32 UTC 2018
#@# Jacobian white rh Fri Jan 12 20:45:36 UTC 2018
#@# AvgCurv lh Fri Jan 12 20:45:41 UTC 2018
#@# AvgCurv rh Fri Jan 12 20:45:45 UTC 2018
#@# Cortical Parc lh Fri Jan 12 20:45:50 UTC 2018
#@# Cortical Parc rh Fri Jan 12 20:46:30 UTC 2018
#@# Make Pial Surf lh Fri Jan 12 20:47:05 UTC 2018
#@# Make Pial Surf rh Fri Jan 12 21:23:42 UTC 2018
#@# Surf Volume lh Fri Jan 12 21:59:50 UTC 2018
#@# Surf Volume rh Fri Jan 12 22:00:00 UTC 2018
#@# Cortical ribbon mask Fri Jan 12 22:00:08 UTC 2018
#@# Parcellation Stats lh Fri Jan 12 22:27:51 UTC 2018
#@# Parcellation Stats rh Fri Jan 12 22:31:25 UTC 2018
#@# Cortical Parc 2 lh Fri Jan 12 22:35:09 UTC 2018
#@# Cortical Parc 2 rh Fri Jan 12 22:36:02 UTC 2018
#@# Parcellation Stats 2 lh Fri Jan 12 22:36:55 UTC 2018
#@# Parcellation Stats 2 rh Fri Jan 12 22:38:46 UTC 2018
#@# Cortical Parc 3 lh Fri Jan 12 22:40:35 UTC 2018
#@# Cortical Parc 3 rh Fri Jan 12 22:41:16 UTC 2018
#@# Parcellation Stats 3 lh Fri Jan 12 22:41:54 UTC 2018
#@# Parcellation Stats 3 rh Fri Jan 12 22:43:40 UTC 2018
#@# WM/GM Contrast lh Fri Jan 12 22:45:25 UTC 2018
#@# WM/GM Contrast rh Fri Jan 12 22:45:42 UTC 2018
#@# Relabel Hypointensities Fri Jan 12 22:45:58 UTC 2018
#@# AParc-to-ASeg aparc Fri Jan 12 22:47:10 UTC 2018
#@# AParc-to-ASeg a2009s Fri Jan 12 22:58:45 UTC 2018
#@# AParc-to-ASeg DKTatlas Fri Jan 12 23:08:44 UTC 2018
#@# APas-to-ASeg Fri Jan 12 23:18:23 UTC 2018
#@# ASeg Stats Fri Jan 12 23:18:36 UTC 2018
#@# WMParc Fri Jan 12 23:24:29 UTC 2018
#@# BA_exvivo Labels lh Fri Jan 12 23:45:01 UTC 2018
#@# BA_exvivo Labels rh Fri Jan 12 23:54:35 UTC 2018
recon-all -s 3632 finished without error at Sat Jan 13 00:04:56 UTC 2018
