status file for recon-all
Sun Dec 31 21:25:19 UTC 2017
#@# MotionCor Sun Dec 31 21:25:26 UTC 2017
#@# Talairach Sun Dec 31 21:25:46 UTC 2017
#@# Talairach Failure Detection Sun Dec 31 21:29:48 UTC 2017
#@# Nu Intensity Correction Sun Dec 31 21:29:49 UTC 2017
#@# Intensity Normalization Sun Dec 31 21:35:08 UTC 2017
#@# Skull Stripping Sun Dec 31 21:39:46 UTC 2017
#@# EM Registration Sun Dec 31 22:18:19 UTC 2017
#@# CA Normalize Sun Dec 31 22:54:50 UTC 2017
#@# CA Reg Sun Dec 31 22:58:15 UTC 2017
#@# SubCort Seg Mon Jan  1 05:12:04 UTC 2018
#@# Merge ASeg Mon Jan  1 07:18:10 UTC 2018
#@# Intensity Normalization2 Mon Jan  1 07:18:10 UTC 2018
#@# Mask BFS Mon Jan  1 07:26:35 UTC 2018
#@# WM Segmentation Mon Jan  1 07:26:40 UTC 2018
#@# Fill Mon Jan  1 07:31:10 UTC 2018
#@# Tessellate lh Mon Jan  1 07:33:06 UTC 2018
#@# Tessellate rh Mon Jan  1 07:33:20 UTC 2018
#@# Smooth1 lh Mon Jan  1 07:33:32 UTC 2018
#@# Smooth1 rh Mon Jan  1 07:33:42 UTC 2018
#@# Inflation1 lh Mon Jan  1 07:33:54 UTC 2018
#@# Inflation1 rh Mon Jan  1 07:34:56 UTC 2018
#@# QSphere lh Mon Jan  1 07:36:00 UTC 2018
#@# QSphere rh Mon Jan  1 07:43:26 UTC 2018
#@# Fix Topology Copy lh Mon Jan  1 07:49:53 UTC 2018
#@# Fix Topology Copy rh Mon Jan  1 07:49:53 UTC 2018
#@# Fix Topology lh Mon Jan  1 07:49:53 UTC 2018
#@# Fix Topology rh Mon Jan  1 08:28:11 UTC 2018
#@# Make White Surf lh Mon Jan  1 09:12:27 UTC 2018
#@# Make White Surf rh Mon Jan  1 09:22:10 UTC 2018
#@# Smooth2 lh Mon Jan  1 09:31:47 UTC 2018
#@# Smooth2 rh Mon Jan  1 09:31:57 UTC 2018
#@# Inflation2 lh Mon Jan  1 09:32:06 UTC 2018
#@# Inflation2 rh Mon Jan  1 09:33:08 UTC 2018
#@# Curv .H and .K lh Mon Jan  1 09:34:12 UTC 2018
#@# Curv .H and .K rh Mon Jan  1 09:36:43 UTC 2018
#@# Curvature Stats lh Mon Jan  1 09:39:14 UTC 2018
#@# Curvature Stats rh Mon Jan  1 09:39:20 UTC 2018
#@# Sphere lh Mon Jan  1 09:39:27 UTC 2018
#@# Sphere rh Mon Jan  1 11:05:31 UTC 2018
#@# Surf Reg lh Mon Jan  1 12:52:32 UTC 2018
#@# Surf Reg rh Mon Jan  1 14:20:51 UTC 2018
#@# Jacobian white lh Mon Jan  1 15:42:03 UTC 2018
#@# Jacobian white rh Mon Jan  1 15:42:06 UTC 2018
#@# AvgCurv lh Mon Jan  1 15:42:11 UTC 2018
#@# AvgCurv rh Mon Jan  1 15:42:15 UTC 2018
#@# Cortical Parc lh Mon Jan  1 15:42:18 UTC 2018
#@# Cortical Parc rh Mon Jan  1 15:42:47 UTC 2018
#@# Make Pial Surf lh Mon Jan  1 15:43:15 UTC 2018
#@# Make Pial Surf rh Mon Jan  1 16:09:19 UTC 2018
#@# Surf Volume lh Mon Jan  1 16:35:09 UTC 2018
#@# Surf Volume rh Mon Jan  1 16:35:17 UTC 2018
#@# Cortical ribbon mask Mon Jan  1 16:35:23 UTC 2018
#@# Parcellation Stats lh Mon Jan  1 17:06:17 UTC 2018
#@# Parcellation Stats rh Mon Jan  1 17:09:18 UTC 2018
#@# Cortical Parc 2 lh Mon Jan  1 17:12:22 UTC 2018
#@# Cortical Parc 2 rh Mon Jan  1 17:13:07 UTC 2018
#@# Parcellation Stats 2 lh Mon Jan  1 17:13:50 UTC 2018
#@# Parcellation Stats 2 rh Mon Jan  1 17:15:22 UTC 2018
#@# Cortical Parc 3 lh Mon Jan  1 17:16:54 UTC 2018
#@# Cortical Parc 3 rh Mon Jan  1 17:17:25 UTC 2018
#@# Parcellation Stats 3 lh Mon Jan  1 17:18:01 UTC 2018
#@# Parcellation Stats 3 rh Mon Jan  1 17:19:30 UTC 2018
#@# WM/GM Contrast lh Mon Jan  1 17:21:00 UTC 2018
#@# WM/GM Contrast rh Mon Jan  1 17:21:14 UTC 2018
#@# Relabel Hypointensities Mon Jan  1 17:21:27 UTC 2018
#@# AParc-to-ASeg aparc Mon Jan  1 17:22:25 UTC 2018
#@# AParc-to-ASeg a2009s Mon Jan  1 17:34:03 UTC 2018
#@# AParc-to-ASeg DKTatlas Mon Jan  1 17:45:16 UTC 2018
#@# APas-to-ASeg Mon Jan  1 17:56:13 UTC 2018
#@# ASeg Stats Mon Jan  1 17:56:30 UTC 2018
#@# WMParc Mon Jan  1 18:05:58 UTC 2018
#@# BA_exvivo Labels lh Mon Jan  1 18:27:53 UTC 2018
#@# BA_exvivo Labels rh Mon Jan  1 18:38:17 UTC 2018
recon-all -s 3184 finished without error at Mon Jan  1 18:48:35 UTC 2018
