status file for recon-all
Mon Jan 15 18:51:51 UTC 2018
#@# MotionCor Mon Jan 15 18:52:01 UTC 2018
#@# Talairach Mon Jan 15 18:52:33 UTC 2018
#@# Talairach Failure Detection Mon Jan 15 18:58:53 UTC 2018
#@# Nu Intensity Correction Mon Jan 15 18:58:54 UTC 2018
#@# Intensity Normalization Mon Jan 15 19:06:44 UTC 2018
#@# Skull Stripping Mon Jan 15 19:13:07 UTC 2018
#@# EM Registration Mon Jan 15 20:05:01 UTC 2018
#@# CA Normalize Mon Jan 15 20:56:54 UTC 2018
#@# CA Reg Mon Jan 15 21:03:29 UTC 2018
#@# SubCort Seg Tue Jan 16 05:11:41 UTC 2018
#@# Merge ASeg Tue Jan 16 07:44:31 UTC 2018
#@# Intensity Normalization2 Tue Jan 16 07:44:31 UTC 2018
#@# Mask BFS Tue Jan 16 07:53:17 UTC 2018
#@# WM Segmentation Tue Jan 16 07:53:23 UTC 2018
#@# Fill Tue Jan 16 07:58:35 UTC 2018
#@# Tessellate lh Tue Jan 16 08:00:36 UTC 2018
#@# Tessellate rh Tue Jan 16 08:00:55 UTC 2018
#@# Smooth1 lh Tue Jan 16 08:01:08 UTC 2018
#@# Smooth1 rh Tue Jan 16 08:01:20 UTC 2018
#@# Inflation1 lh Tue Jan 16 08:01:32 UTC 2018
#@# Inflation1 rh Tue Jan 16 08:02:42 UTC 2018
#@# QSphere lh Tue Jan 16 08:03:55 UTC 2018
#@# QSphere rh Tue Jan 16 08:11:32 UTC 2018
#@# Fix Topology Copy lh Tue Jan 16 08:19:28 UTC 2018
#@# Fix Topology Copy rh Tue Jan 16 08:19:28 UTC 2018
#@# Fix Topology lh Tue Jan 16 08:19:28 UTC 2018
#@# Fix Topology rh Tue Jan 16 09:21:48 UTC 2018
#@# Make White Surf lh Tue Jan 16 10:20:48 UTC 2018
#@# Make White Surf rh Tue Jan 16 10:31:50 UTC 2018
#@# Smooth2 lh Tue Jan 16 10:43:20 UTC 2018
#@# Smooth2 rh Tue Jan 16 10:43:31 UTC 2018
#@# Inflation2 lh Tue Jan 16 10:43:43 UTC 2018
#@# Inflation2 rh Tue Jan 16 10:44:53 UTC 2018
#@# Curv .H and .K lh Tue Jan 16 10:46:08 UTC 2018
#@# Curv .H and .K rh Tue Jan 16 10:49:08 UTC 2018
#@# Curvature Stats lh Tue Jan 16 10:52:06 UTC 2018
#@# Curvature Stats rh Tue Jan 16 10:52:13 UTC 2018
#@# Sphere lh Tue Jan 16 10:52:22 UTC 2018
#@# Sphere rh Tue Jan 16 12:26:11 UTC 2018
#@# Surf Reg lh Tue Jan 16 14:10:17 UTC 2018
#@# Surf Reg rh Tue Jan 16 15:57:11 UTC 2018
#@# Jacobian white lh Tue Jan 16 17:51:56 UTC 2018
#@# Jacobian white rh Tue Jan 16 17:52:00 UTC 2018
#@# AvgCurv lh Tue Jan 16 17:52:05 UTC 2018
#@# AvgCurv rh Tue Jan 16 17:52:08 UTC 2018
#@# Cortical Parc lh Tue Jan 16 17:52:12 UTC 2018
#@# Cortical Parc rh Tue Jan 16 17:52:53 UTC 2018
#@# Make Pial Surf lh Tue Jan 16 17:53:29 UTC 2018
#@# Make Pial Surf rh Tue Jan 16 18:24:54 UTC 2018
#@# Surf Volume lh Tue Jan 16 18:57:10 UTC 2018
#@# Surf Volume rh Tue Jan 16 18:57:16 UTC 2018
#@# Cortical ribbon mask Tue Jan 16 18:57:22 UTC 2018
#@# Parcellation Stats lh Tue Jan 16 19:26:53 UTC 2018
#@# Parcellation Stats rh Tue Jan 16 19:30:20 UTC 2018
#@# Cortical Parc 2 lh Tue Jan 16 19:34:09 UTC 2018
#@# Cortical Parc 2 rh Tue Jan 16 19:34:57 UTC 2018
#@# Parcellation Stats 2 lh Tue Jan 16 19:35:50 UTC 2018
#@# Parcellation Stats 2 rh Tue Jan 16 19:37:40 UTC 2018
#@# Cortical Parc 3 lh Tue Jan 16 19:39:30 UTC 2018
#@# Cortical Parc 3 rh Tue Jan 16 19:40:13 UTC 2018
#@# Parcellation Stats 3 lh Tue Jan 16 19:40:53 UTC 2018
#@# Parcellation Stats 3 rh Tue Jan 16 19:42:40 UTC 2018
#@# WM/GM Contrast lh Tue Jan 16 19:44:24 UTC 2018
#@# WM/GM Contrast rh Tue Jan 16 19:44:41 UTC 2018
#@# Relabel Hypointensities Tue Jan 16 19:44:55 UTC 2018
#@# AParc-to-ASeg aparc Tue Jan 16 19:46:01 UTC 2018
#@# AParc-to-ASeg a2009s Tue Jan 16 20:01:41 UTC 2018
#@# AParc-to-ASeg DKTatlas Tue Jan 16 20:16:27 UTC 2018
#@# APas-to-ASeg Tue Jan 16 20:31:03 UTC 2018
#@# ASeg Stats Tue Jan 16 20:31:23 UTC 2018
#@# WMParc Tue Jan 16 20:41:56 UTC 2018
#@# BA_exvivo Labels lh Tue Jan 16 21:12:33 UTC 2018
#@# BA_exvivo Labels rh Tue Jan 16 21:25:41 UTC 2018
recon-all -s 4082 finished without error at Tue Jan 16 21:38:17 UTC 2018
