status file for recon-all
Mon Jan 15 18:51:23 UTC 2018
#@# MotionCor Mon Jan 15 18:51:29 UTC 2018
#@# Talairach Mon Jan 15 18:51:54 UTC 2018
#@# Talairach Failure Detection Mon Jan 15 18:57:46 UTC 2018
#@# Nu Intensity Correction Mon Jan 15 18:57:47 UTC 2018
#@# Intensity Normalization Mon Jan 15 19:05:55 UTC 2018
#@# Skull Stripping Mon Jan 15 19:12:37 UTC 2018
#@# EM Registration Mon Jan 15 20:05:42 UTC 2018
#@# CA Normalize Mon Jan 15 21:07:45 UTC 2018
#@# CA Reg Mon Jan 15 21:14:20 UTC 2018
#@# SubCort Seg Tue Jan 16 06:03:10 UTC 2018
#@# Merge ASeg Tue Jan 16 09:04:37 UTC 2018
#@# Intensity Normalization2 Tue Jan 16 09:04:37 UTC 2018
#@# Mask BFS Tue Jan 16 09:13:22 UTC 2018
#@# WM Segmentation Tue Jan 16 09:13:27 UTC 2018
#@# Fill Tue Jan 16 09:19:19 UTC 2018
#@# Tessellate lh Tue Jan 16 09:21:27 UTC 2018
#@# Tessellate rh Tue Jan 16 09:21:42 UTC 2018
#@# Smooth1 lh Tue Jan 16 09:21:59 UTC 2018
#@# Smooth1 rh Tue Jan 16 09:22:15 UTC 2018
#@# Inflation1 lh Tue Jan 16 09:22:30 UTC 2018
#@# Inflation1 rh Tue Jan 16 09:24:02 UTC 2018
#@# QSphere lh Tue Jan 16 09:25:36 UTC 2018
#@# QSphere rh Tue Jan 16 09:35:16 UTC 2018
#@# Fix Topology Copy lh Tue Jan 16 09:45:02 UTC 2018
#@# Fix Topology Copy rh Tue Jan 16 09:45:02 UTC 2018
#@# Fix Topology lh Tue Jan 16 09:45:02 UTC 2018
#@# Fix Topology rh Tue Jan 16 11:30:35 UTC 2018
#@# Make White Surf lh Tue Jan 16 13:11:00 UTC 2018
#@# Make White Surf rh Tue Jan 16 13:26:58 UTC 2018
#@# Smooth2 lh Tue Jan 16 13:41:52 UTC 2018
#@# Smooth2 rh Tue Jan 16 13:42:07 UTC 2018
#@# Inflation2 lh Tue Jan 16 13:42:21 UTC 2018
#@# Inflation2 rh Tue Jan 16 13:44:02 UTC 2018
#@# Curv .H and .K lh Tue Jan 16 13:45:33 UTC 2018
#@# Curv .H and .K rh Tue Jan 16 13:49:21 UTC 2018
#@# Curvature Stats lh Tue Jan 16 13:53:07 UTC 2018
#@# Curvature Stats rh Tue Jan 16 13:53:18 UTC 2018
#@# Sphere lh Tue Jan 16 13:53:27 UTC 2018
#@# Sphere rh Tue Jan 16 16:03:10 UTC 2018
#@# Surf Reg lh Tue Jan 16 19:02:47 UTC 2018
#@# Surf Reg rh Tue Jan 16 21:23:00 UTC 2018
#@# Jacobian white lh Tue Jan 16 23:43:03 UTC 2018
#@# Jacobian white rh Tue Jan 16 23:43:07 UTC 2018
#@# AvgCurv lh Tue Jan 16 23:43:11 UTC 2018
#@# AvgCurv rh Tue Jan 16 23:43:14 UTC 2018
#@# Cortical Parc lh Tue Jan 16 23:43:18 UTC 2018
#@# Cortical Parc rh Tue Jan 16 23:43:54 UTC 2018
#@# Make Pial Surf lh Tue Jan 16 23:44:28 UTC 2018
#@# Make Pial Surf rh Wed Jan 17 00:17:39 UTC 2018
#@# Surf Volume lh Wed Jan 17 01:07:44 UTC 2018
#@# Surf Volume rh Wed Jan 17 01:07:56 UTC 2018
#@# Cortical ribbon mask Wed Jan 17 01:08:10 UTC 2018
#@# Parcellation Stats lh Wed Jan 17 01:49:09 UTC 2018
#@# Parcellation Stats rh Wed Jan 17 01:52:15 UTC 2018
#@# Cortical Parc 2 lh Wed Jan 17 01:55:28 UTC 2018
#@# Cortical Parc 2 rh Wed Jan 17 01:56:07 UTC 2018
#@# Parcellation Stats 2 lh Wed Jan 17 01:56:47 UTC 2018
#@# Parcellation Stats 2 rh Wed Jan 17 01:58:27 UTC 2018
#@# Cortical Parc 3 lh Wed Jan 17 02:00:03 UTC 2018
#@# Cortical Parc 3 rh Wed Jan 17 02:00:36 UTC 2018
#@# Parcellation Stats 3 lh Wed Jan 17 02:01:07 UTC 2018
#@# Parcellation Stats 3 rh Wed Jan 17 02:02:38 UTC 2018
#@# WM/GM Contrast lh Wed Jan 17 02:04:09 UTC 2018
#@# WM/GM Contrast rh Wed Jan 17 02:04:22 UTC 2018
#@# Relabel Hypointensities Wed Jan 17 02:04:34 UTC 2018
#@# AParc-to-ASeg aparc Wed Jan 17 02:05:23 UTC 2018
#@# AParc-to-ASeg a2009s Wed Jan 17 02:15:04 UTC 2018
#@# AParc-to-ASeg DKTatlas Wed Jan 17 02:24:32 UTC 2018
#@# APas-to-ASeg Wed Jan 17 02:33:13 UTC 2018
#@# ASeg Stats Wed Jan 17 02:33:26 UTC 2018
#@# WMParc Wed Jan 17 02:38:57 UTC 2018
#@# BA_exvivo Labels lh Wed Jan 17 02:57:20 UTC 2018
#@# BA_exvivo Labels rh Wed Jan 17 03:07:02 UTC 2018
recon-all -s 4080 finished without error at Wed Jan 17 03:16:31 UTC 2018
