status file for recon-all
Sat Jan 13 21:43:57 UTC 2018
#@# MotionCor Sat Jan 13 21:44:11 UTC 2018
#@# Talairach Sat Jan 13 21:44:53 UTC 2018
#@# Talairach Failure Detection Sat Jan 13 21:56:16 UTC 2018
#@# Nu Intensity Correction Sat Jan 13 21:56:17 UTC 2018
#@# Intensity Normalization Sat Jan 13 22:16:17 UTC 2018
#@# Skull Stripping Sat Jan 13 22:23:24 UTC 2018
#@# EM Registration Sat Jan 13 23:23:28 UTC 2018
#@# CA Normalize Sun Jan 14 00:10:11 UTC 2018
#@# CA Reg Sun Jan 14 00:14:36 UTC 2018
#@# SubCort Seg Sun Jan 14 09:31:00 UTC 2018
#@# Merge ASeg Sun Jan 14 11:54:26 UTC 2018
#@# Intensity Normalization2 Sun Jan 14 11:54:26 UTC 2018
#@# Mask BFS Sun Jan 14 12:04:11 UTC 2018
#@# WM Segmentation Sun Jan 14 12:04:17 UTC 2018
#@# Fill Sun Jan 14 12:09:36 UTC 2018
#@# Tessellate lh Sun Jan 14 12:12:01 UTC 2018
#@# Tessellate rh Sun Jan 14 12:12:19 UTC 2018
#@# Smooth1 lh Sun Jan 14 12:12:37 UTC 2018
#@# Smooth1 rh Sun Jan 14 12:12:50 UTC 2018
#@# Inflation1 lh Sun Jan 14 12:13:03 UTC 2018
#@# Inflation1 rh Sun Jan 14 12:14:26 UTC 2018
#@# QSphere lh Sun Jan 14 12:15:46 UTC 2018
#@# QSphere rh Sun Jan 14 12:24:17 UTC 2018
#@# Fix Topology Copy lh Sun Jan 14 12:33:06 UTC 2018
#@# Fix Topology Copy rh Sun Jan 14 12:33:07 UTC 2018
#@# Fix Topology lh Sun Jan 14 12:33:07 UTC 2018
#@# Fix Topology rh Sun Jan 14 13:29:48 UTC 2018
#@# Make White Surf lh Sun Jan 14 14:26:28 UTC 2018
#@# Make White Surf rh Sun Jan 14 14:38:14 UTC 2018
#@# Smooth2 lh Sun Jan 14 14:50:26 UTC 2018
#@# Smooth2 rh Sun Jan 14 14:50:38 UTC 2018
#@# Inflation2 lh Sun Jan 14 14:50:51 UTC 2018
#@# Inflation2 rh Sun Jan 14 14:52:08 UTC 2018
#@# Curv .H and .K lh Sun Jan 14 14:53:27 UTC 2018
#@# Curv .H and .K rh Sun Jan 14 14:56:23 UTC 2018
#@# Curvature Stats lh Sun Jan 14 14:59:26 UTC 2018
#@# Curvature Stats rh Sun Jan 14 14:59:34 UTC 2018
#@# Sphere lh Sun Jan 14 14:59:43 UTC 2018
#@# Sphere rh Sun Jan 14 16:33:03 UTC 2018
#@# Surf Reg lh Sun Jan 14 18:41:52 UTC 2018
#@# Surf Reg rh Sun Jan 14 20:46:08 UTC 2018
#@# Jacobian white lh Sun Jan 14 23:03:20 UTC 2018
#@# Jacobian white rh Sun Jan 14 23:03:24 UTC 2018
#@# AvgCurv lh Sun Jan 14 23:03:28 UTC 2018
#@# AvgCurv rh Sun Jan 14 23:03:32 UTC 2018
#@# Cortical Parc lh Sun Jan 14 23:03:36 UTC 2018
#@# Cortical Parc rh Sun Jan 14 23:04:07 UTC 2018
#@# Make Pial Surf lh Sun Jan 14 23:04:37 UTC 2018
#@# Make Pial Surf rh Sun Jan 14 23:33:48 UTC 2018
#@# Surf Volume lh Mon Jan 15 00:04:34 UTC 2018
#@# Surf Volume rh Mon Jan 15 00:04:41 UTC 2018
#@# Cortical ribbon mask Mon Jan 15 00:04:48 UTC 2018
#@# Parcellation Stats lh Mon Jan 15 00:33:31 UTC 2018
#@# Parcellation Stats rh Mon Jan 15 00:36:39 UTC 2018
#@# Cortical Parc 2 lh Mon Jan 15 00:39:51 UTC 2018
#@# Cortical Parc 2 rh Mon Jan 15 00:40:35 UTC 2018
#@# Parcellation Stats 2 lh Mon Jan 15 00:41:16 UTC 2018
#@# Parcellation Stats 2 rh Mon Jan 15 00:42:52 UTC 2018
#@# Cortical Parc 3 lh Mon Jan 15 00:44:31 UTC 2018
#@# Cortical Parc 3 rh Mon Jan 15 00:45:05 UTC 2018
#@# Parcellation Stats 3 lh Mon Jan 15 00:45:40 UTC 2018
#@# Parcellation Stats 3 rh Mon Jan 15 00:47:11 UTC 2018
#@# WM/GM Contrast lh Mon Jan 15 00:48:46 UTC 2018
#@# WM/GM Contrast rh Mon Jan 15 00:49:01 UTC 2018
#@# Relabel Hypointensities Mon Jan 15 00:49:15 UTC 2018
#@# AParc-to-ASeg aparc Mon Jan 15 00:50:14 UTC 2018
#@# AParc-to-ASeg a2009s Mon Jan 15 01:03:00 UTC 2018
#@# AParc-to-ASeg DKTatlas Mon Jan 15 01:15:28 UTC 2018
#@# APas-to-ASeg Mon Jan 15 01:26:44 UTC 2018
#@# ASeg Stats Mon Jan 15 01:27:00 UTC 2018
#@# WMParc Mon Jan 15 01:35:17 UTC 2018
#@# BA_exvivo Labels lh Mon Jan 15 01:59:08 UTC 2018
#@# BA_exvivo Labels rh Mon Jan 15 02:08:57 UTC 2018
recon-all -s 3859 finished without error at Mon Jan 15 02:19:12 UTC 2018
