status file for recon-all
Wed Jan 17 07:14:46 UTC 2018
#@# MotionCor Wed Jan 17 07:14:52 UTC 2018
#@# Talairach Wed Jan 17 07:15:20 UTC 2018
#@# Talairach Failure Detection Wed Jan 17 07:23:16 UTC 2018
#@# Nu Intensity Correction Wed Jan 17 07:23:16 UTC 2018
#@# Intensity Normalization Wed Jan 17 07:31:25 UTC 2018
#@# Skull Stripping Wed Jan 17 07:37:51 UTC 2018
#@# EM Registration Wed Jan 17 08:38:36 UTC 2018
#@# CA Normalize Wed Jan 17 09:35:05 UTC 2018
#@# CA Reg Wed Jan 17 09:39:47 UTC 2018
#@# SubCort Seg Wed Jan 17 17:35:17 UTC 2018
#@# Merge ASeg Wed Jan 17 21:20:21 UTC 2018
#@# Intensity Normalization2 Wed Jan 17 21:20:21 UTC 2018
#@# Mask BFS Wed Jan 17 21:28:16 UTC 2018
#@# WM Segmentation Wed Jan 17 21:28:22 UTC 2018
#@# Fill Wed Jan 17 21:33:57 UTC 2018
#@# Tessellate lh Wed Jan 17 21:36:10 UTC 2018
#@# Tessellate rh Wed Jan 17 21:36:25 UTC 2018
#@# Smooth1 lh Wed Jan 17 21:36:38 UTC 2018
#@# Smooth1 rh Wed Jan 17 21:36:51 UTC 2018
#@# Inflation1 lh Wed Jan 17 21:37:04 UTC 2018
#@# Inflation1 rh Wed Jan 17 21:38:14 UTC 2018
#@# QSphere lh Wed Jan 17 21:39:26 UTC 2018
#@# QSphere rh Wed Jan 17 21:47:02 UTC 2018
#@# Fix Topology Copy lh Wed Jan 17 21:54:47 UTC 2018
#@# Fix Topology Copy rh Wed Jan 17 21:54:47 UTC 2018
#@# Fix Topology lh Wed Jan 17 21:54:47 UTC 2018
#@# Fix Topology rh Wed Jan 17 23:11:54 UTC 2018
#@# Make White Surf lh Thu Jan 18 00:39:59 UTC 2018
#@# Make White Surf rh Thu Jan 18 00:50:21 UTC 2018
#@# Smooth2 lh Thu Jan 18 01:00:44 UTC 2018
#@# Smooth2 rh Thu Jan 18 01:00:57 UTC 2018
#@# Inflation2 lh Thu Jan 18 01:01:08 UTC 2018
#@# Inflation2 rh Thu Jan 18 01:02:22 UTC 2018
#@# Curv .H and .K lh Thu Jan 18 01:03:42 UTC 2018
#@# Curv .H and .K rh Thu Jan 18 01:06:46 UTC 2018
#@# Curvature Stats lh Thu Jan 18 01:09:41 UTC 2018
#@# Curvature Stats rh Thu Jan 18 01:09:49 UTC 2018
#@# Sphere lh Thu Jan 18 01:09:58 UTC 2018
#@# Sphere rh Thu Jan 18 02:38:43 UTC 2018
#@# Surf Reg lh Thu Jan 18 04:18:48 UTC 2018
#@# Surf Reg rh Thu Jan 18 06:14:16 UTC 2018
#@# Jacobian white lh Thu Jan 18 08:16:03 UTC 2018
#@# Jacobian white rh Thu Jan 18 08:16:07 UTC 2018
#@# AvgCurv lh Thu Jan 18 08:16:11 UTC 2018
#@# AvgCurv rh Thu Jan 18 08:16:15 UTC 2018
#@# Cortical Parc lh Thu Jan 18 08:16:19 UTC 2018
#@# Cortical Parc rh Thu Jan 18 08:16:57 UTC 2018
#@# Make Pial Surf lh Thu Jan 18 08:17:32 UTC 2018
#@# Make Pial Surf rh Thu Jan 18 08:52:07 UTC 2018
#@# Surf Volume lh Thu Jan 18 09:24:59 UTC 2018
#@# Surf Volume rh Thu Jan 18 09:25:07 UTC 2018
#@# Cortical ribbon mask Thu Jan 18 09:25:14 UTC 2018
#@# Parcellation Stats lh Thu Jan 18 09:52:59 UTC 2018
#@# Parcellation Stats rh Thu Jan 18 09:56:14 UTC 2018
#@# Cortical Parc 2 lh Thu Jan 18 09:59:23 UTC 2018
#@# Cortical Parc 2 rh Thu Jan 18 10:00:10 UTC 2018
#@# Parcellation Stats 2 lh Thu Jan 18 10:00:56 UTC 2018
#@# Parcellation Stats 2 rh Thu Jan 18 10:02:35 UTC 2018
#@# Cortical Parc 3 lh Thu Jan 18 10:04:06 UTC 2018
#@# Cortical Parc 3 rh Thu Jan 18 10:04:44 UTC 2018
#@# Parcellation Stats 3 lh Thu Jan 18 10:05:18 UTC 2018
#@# Parcellation Stats 3 rh Thu Jan 18 10:06:54 UTC 2018
#@# WM/GM Contrast lh Thu Jan 18 10:08:31 UTC 2018
#@# WM/GM Contrast rh Thu Jan 18 10:08:45 UTC 2018
#@# Relabel Hypointensities Thu Jan 18 10:08:57 UTC 2018
#@# AParc-to-ASeg aparc Thu Jan 18 10:10:07 UTC 2018
#@# AParc-to-ASeg a2009s Thu Jan 18 10:22:32 UTC 2018
#@# AParc-to-ASeg DKTatlas Thu Jan 18 10:34:38 UTC 2018
#@# APas-to-ASeg Thu Jan 18 10:47:17 UTC 2018
#@# ASeg Stats Thu Jan 18 10:47:34 UTC 2018
#@# WMParc Thu Jan 18 10:57:10 UTC 2018
#@# BA_exvivo Labels lh Thu Jan 18 11:22:18 UTC 2018
#@# BA_exvivo Labels rh Thu Jan 18 11:33:25 UTC 2018
recon-all -s 3428 finished without error at Thu Jan 18 11:43:25 UTC 2018
