status file for recon-all
Sat Jan 13 21:43:04 UTC 2018
#@# MotionCor Sat Jan 13 21:43:13 UTC 2018
#@# Talairach Sat Jan 13 21:43:53 UTC 2018
#@# Talairach Failure Detection Sat Jan 13 21:55:40 UTC 2018
#@# Nu Intensity Correction Sat Jan 13 21:55:40 UTC 2018
#@# Intensity Normalization Sat Jan 13 22:14:49 UTC 2018
#@# Skull Stripping Sat Jan 13 22:22:29 UTC 2018
#@# EM Registration Sat Jan 13 23:27:12 UTC 2018
#@# CA Normalize Sun Jan 14 00:14:21 UTC 2018
#@# CA Reg Sun Jan 14 00:19:13 UTC 2018
#@# SubCort Seg Sun Jan 14 09:01:50 UTC 2018
#@# Merge ASeg Sun Jan 14 11:22:17 UTC 2018
#@# Intensity Normalization2 Sun Jan 14 11:22:17 UTC 2018
#@# Mask BFS Sun Jan 14 11:32:02 UTC 2018
#@# WM Segmentation Sun Jan 14 11:32:07 UTC 2018
#@# Fill Sun Jan 14 11:37:38 UTC 2018
#@# Tessellate lh Sun Jan 14 11:39:56 UTC 2018
#@# Tessellate rh Sun Jan 14 11:40:12 UTC 2018
#@# Smooth1 lh Sun Jan 14 11:40:29 UTC 2018
#@# Smooth1 rh Sun Jan 14 11:40:41 UTC 2018
#@# Inflation1 lh Sun Jan 14 11:40:52 UTC 2018
#@# Inflation1 rh Sun Jan 14 11:42:11 UTC 2018
#@# QSphere lh Sun Jan 14 11:43:25 UTC 2018
#@# QSphere rh Sun Jan 14 11:51:16 UTC 2018
#@# Fix Topology Copy lh Sun Jan 14 11:59:03 UTC 2018
#@# Fix Topology Copy rh Sun Jan 14 11:59:03 UTC 2018
#@# Fix Topology lh Sun Jan 14 11:59:03 UTC 2018
#@# Fix Topology rh Sun Jan 14 12:47:40 UTC 2018
#@# Make White Surf lh Sun Jan 14 13:33:29 UTC 2018
#@# Make White Surf rh Sun Jan 14 13:44:41 UTC 2018
#@# Smooth2 lh Sun Jan 14 13:56:06 UTC 2018
#@# Smooth2 rh Sun Jan 14 13:56:15 UTC 2018
#@# Inflation2 lh Sun Jan 14 13:56:27 UTC 2018
#@# Inflation2 rh Sun Jan 14 13:57:39 UTC 2018
#@# Curv .H and .K lh Sun Jan 14 13:58:56 UTC 2018
#@# Curv .H and .K rh Sun Jan 14 14:01:52 UTC 2018
#@# Curvature Stats lh Sun Jan 14 14:04:46 UTC 2018
#@# Curvature Stats rh Sun Jan 14 14:04:54 UTC 2018
#@# Sphere lh Sun Jan 14 14:05:03 UTC 2018
#@# Sphere rh Sun Jan 14 15:53:41 UTC 2018
#@# Surf Reg lh Sun Jan 14 17:49:06 UTC 2018
#@# Surf Reg rh Sun Jan 14 19:42:35 UTC 2018
#@# Jacobian white lh Sun Jan 14 21:39:54 UTC 2018
#@# Jacobian white rh Sun Jan 14 21:39:58 UTC 2018
#@# AvgCurv lh Sun Jan 14 21:40:02 UTC 2018
#@# AvgCurv rh Sun Jan 14 21:40:06 UTC 2018
#@# Cortical Parc lh Sun Jan 14 21:40:10 UTC 2018
#@# Cortical Parc rh Sun Jan 14 21:40:45 UTC 2018
#@# Make Pial Surf lh Sun Jan 14 21:41:20 UTC 2018
#@# Make Pial Surf rh Sun Jan 14 22:20:24 UTC 2018
#@# Surf Volume lh Sun Jan 14 23:04:07 UTC 2018
#@# Surf Volume rh Sun Jan 14 23:04:13 UTC 2018
#@# Cortical ribbon mask Sun Jan 14 23:04:19 UTC 2018
#@# Parcellation Stats lh Sun Jan 14 23:30:19 UTC 2018
#@# Parcellation Stats rh Sun Jan 14 23:33:08 UTC 2018
#@# Cortical Parc 2 lh Sun Jan 14 23:35:50 UTC 2018
#@# Cortical Parc 2 rh Sun Jan 14 23:36:30 UTC 2018
#@# Parcellation Stats 2 lh Sun Jan 14 23:37:10 UTC 2018
#@# Parcellation Stats 2 rh Sun Jan 14 23:38:39 UTC 2018
#@# Cortical Parc 3 lh Sun Jan 14 23:40:05 UTC 2018
#@# Cortical Parc 3 rh Sun Jan 14 23:40:36 UTC 2018
#@# Parcellation Stats 3 lh Sun Jan 14 23:41:09 UTC 2018
#@# Parcellation Stats 3 rh Sun Jan 14 23:42:28 UTC 2018
#@# WM/GM Contrast lh Sun Jan 14 23:43:52 UTC 2018
#@# WM/GM Contrast rh Sun Jan 14 23:44:04 UTC 2018
#@# Relabel Hypointensities Sun Jan 14 23:44:15 UTC 2018
#@# AParc-to-ASeg aparc Sun Jan 14 23:45:07 UTC 2018
#@# AParc-to-ASeg a2009s Sun Jan 14 23:55:56 UTC 2018
#@# AParc-to-ASeg DKTatlas Mon Jan 15 00:06:47 UTC 2018
#@# APas-to-ASeg Mon Jan 15 00:17:51 UTC 2018
#@# ASeg Stats Mon Jan 15 00:18:08 UTC 2018
#@# WMParc Mon Jan 15 00:29:08 UTC 2018
#@# BA_exvivo Labels lh Mon Jan 15 00:58:11 UTC 2018
#@# BA_exvivo Labels rh Mon Jan 15 01:09:30 UTC 2018
recon-all -s 3855 finished without error at Mon Jan 15 01:20:49 UTC 2018
