status file for recon-all
Mon Jan  8 20:04:31 UTC 2018
#@# MotionCor Mon Jan  8 20:04:41 UTC 2018
#@# Talairach Mon Jan  8 20:05:11 UTC 2018
#@# Talairach Failure Detection Mon Jan  8 20:09:57 UTC 2018
#@# Nu Intensity Correction Mon Jan  8 20:09:57 UTC 2018
#@# Intensity Normalization Mon Jan  8 20:17:26 UTC 2018
#@# Skull Stripping Mon Jan  8 20:23:31 UTC 2018
#@# EM Registration Mon Jan  8 21:07:58 UTC 2018
#@# CA Normalize Mon Jan  8 21:45:00 UTC 2018
#@# CA Reg Mon Jan  8 21:49:21 UTC 2018
#@# SubCort Seg Tue Jan  9 06:18:13 UTC 2018
#@# Merge ASeg Tue Jan  9 09:10:59 UTC 2018
#@# Intensity Normalization2 Tue Jan  9 09:10:59 UTC 2018
#@# Mask BFS Tue Jan  9 09:20:10 UTC 2018
#@# WM Segmentation Tue Jan  9 09:20:15 UTC 2018
#@# Fill Tue Jan  9 09:26:02 UTC 2018
#@# Tessellate lh Tue Jan  9 09:28:18 UTC 2018
#@# Tessellate rh Tue Jan  9 09:28:34 UTC 2018
#@# Smooth1 lh Tue Jan  9 09:28:51 UTC 2018
#@# Smooth1 rh Tue Jan  9 09:29:03 UTC 2018
#@# Inflation1 lh Tue Jan  9 09:29:17 UTC 2018
#@# Inflation1 rh Tue Jan  9 09:30:39 UTC 2018
#@# QSphere lh Tue Jan  9 09:32:03 UTC 2018
#@# QSphere rh Tue Jan  9 09:40:49 UTC 2018
#@# Fix Topology Copy lh Tue Jan  9 09:49:06 UTC 2018
#@# Fix Topology Copy rh Tue Jan  9 09:49:06 UTC 2018
#@# Fix Topology lh Tue Jan  9 09:49:06 UTC 2018
#@# Fix Topology rh Tue Jan  9 11:33:52 UTC 2018
#@# Make White Surf lh Tue Jan  9 13:21:03 UTC 2018
#@# Make White Surf rh Tue Jan  9 13:32:59 UTC 2018
#@# Smooth2 lh Tue Jan  9 13:45:30 UTC 2018
#@# Smooth2 rh Tue Jan  9 13:45:43 UTC 2018
#@# Inflation2 lh Tue Jan  9 13:45:56 UTC 2018
#@# Inflation2 rh Tue Jan  9 13:47:26 UTC 2018
#@# Curv .H and .K lh Tue Jan  9 13:48:56 UTC 2018
#@# Curv .H and .K rh Tue Jan  9 13:52:32 UTC 2018
#@# Curvature Stats lh Tue Jan  9 13:56:03 UTC 2018
#@# Curvature Stats rh Tue Jan  9 13:56:13 UTC 2018
#@# Sphere lh Tue Jan  9 13:56:22 UTC 2018
#@# Sphere rh Tue Jan  9 15:42:55 UTC 2018
#@# Surf Reg lh Tue Jan  9 17:41:35 UTC 2018
#@# Surf Reg rh Tue Jan  9 19:33:48 UTC 2018
#@# Jacobian white lh Tue Jan  9 21:21:45 UTC 2018
#@# Jacobian white rh Tue Jan  9 21:21:49 UTC 2018
#@# AvgCurv lh Tue Jan  9 21:21:53 UTC 2018
#@# AvgCurv rh Tue Jan  9 21:21:56 UTC 2018
#@# Cortical Parc lh Tue Jan  9 21:21:59 UTC 2018
#@# Cortical Parc rh Tue Jan  9 21:22:33 UTC 2018
#@# Make Pial Surf lh Tue Jan  9 21:23:07 UTC 2018
#@# Make Pial Surf rh Tue Jan  9 21:51:17 UTC 2018
#@# Surf Volume lh Tue Jan  9 22:19:32 UTC 2018
#@# Surf Volume rh Tue Jan  9 22:19:38 UTC 2018
#@# Cortical ribbon mask Tue Jan  9 22:19:44 UTC 2018
#@# Parcellation Stats lh Tue Jan  9 22:50:33 UTC 2018
#@# Parcellation Stats rh Tue Jan  9 22:53:17 UTC 2018
#@# Cortical Parc 2 lh Tue Jan  9 22:56:12 UTC 2018
#@# Cortical Parc 2 rh Tue Jan  9 22:56:49 UTC 2018
#@# Parcellation Stats 2 lh Tue Jan  9 22:57:24 UTC 2018
#@# Parcellation Stats 2 rh Tue Jan  9 22:58:47 UTC 2018
#@# Cortical Parc 3 lh Tue Jan  9 23:00:10 UTC 2018
#@# Cortical Parc 3 rh Tue Jan  9 23:00:38 UTC 2018
#@# Parcellation Stats 3 lh Tue Jan  9 23:01:06 UTC 2018
#@# Parcellation Stats 3 rh Tue Jan  9 23:02:25 UTC 2018
#@# WM/GM Contrast lh Tue Jan  9 23:03:44 UTC 2018
#@# WM/GM Contrast rh Tue Jan  9 23:03:57 UTC 2018
#@# Relabel Hypointensities Tue Jan  9 23:04:08 UTC 2018
#@# AParc-to-ASeg aparc Tue Jan  9 23:04:55 UTC 2018
#@# AParc-to-ASeg a2009s Tue Jan  9 23:14:17 UTC 2018
#@# AParc-to-ASeg DKTatlas Tue Jan  9 23:23:41 UTC 2018
#@# APas-to-ASeg Tue Jan  9 23:32:49 UTC 2018
#@# ASeg Stats Tue Jan  9 23:33:02 UTC 2018
#@# WMParc Tue Jan  9 23:40:13 UTC 2018
#@# BA_exvivo Labels lh Wed Jan 10 00:00:10 UTC 2018
#@# BA_exvivo Labels rh Wed Jan 10 00:09:33 UTC 2018
recon-all -s 3552 finished without error at Wed Jan 10 00:19:59 UTC 2018
