status file for recon-all
Mon Jan 15 18:52:03 UTC 2018
#@# MotionCor Mon Jan 15 18:52:15 UTC 2018
#@# Talairach Mon Jan 15 18:52:53 UTC 2018
#@# Talairach Failure Detection Mon Jan 15 18:58:32 UTC 2018
#@# Nu Intensity Correction Mon Jan 15 18:58:32 UTC 2018
#@# Intensity Normalization Mon Jan 15 19:06:35 UTC 2018
#@# Skull Stripping Mon Jan 15 19:13:06 UTC 2018
#@# EM Registration Mon Jan 15 20:14:24 UTC 2018
#@# CA Normalize Mon Jan 15 21:23:00 UTC 2018
#@# CA Reg Mon Jan 15 21:28:36 UTC 2018
#@# SubCort Seg Tue Jan 16 06:17:22 UTC 2018
#@# Merge ASeg Tue Jan 16 08:53:22 UTC 2018
#@# Intensity Normalization2 Tue Jan 16 08:53:22 UTC 2018
#@# Mask BFS Tue Jan 16 09:02:15 UTC 2018
#@# WM Segmentation Tue Jan 16 09:02:21 UTC 2018
#@# Fill Tue Jan 16 09:08:04 UTC 2018
#@# Tessellate lh Tue Jan 16 09:10:02 UTC 2018
#@# Tessellate rh Tue Jan 16 09:10:18 UTC 2018
#@# Smooth1 lh Tue Jan 16 09:10:35 UTC 2018
#@# Smooth1 rh Tue Jan 16 09:10:48 UTC 2018
#@# Inflation1 lh Tue Jan 16 09:11:02 UTC 2018
#@# Inflation1 rh Tue Jan 16 09:12:31 UTC 2018
#@# QSphere lh Tue Jan 16 09:14:01 UTC 2018
#@# QSphere rh Tue Jan 16 09:23:15 UTC 2018
#@# Fix Topology Copy lh Tue Jan 16 09:32:28 UTC 2018
#@# Fix Topology Copy rh Tue Jan 16 09:32:28 UTC 2018
#@# Fix Topology lh Tue Jan 16 09:32:28 UTC 2018
#@# Fix Topology rh Tue Jan 16 10:40:38 UTC 2018
#@# Make White Surf lh Tue Jan 16 11:59:40 UTC 2018
#@# Make White Surf rh Tue Jan 16 12:13:18 UTC 2018
#@# Smooth2 lh Tue Jan 16 12:27:12 UTC 2018
#@# Smooth2 rh Tue Jan 16 12:27:25 UTC 2018
#@# Inflation2 lh Tue Jan 16 12:27:40 UTC 2018
#@# Inflation2 rh Tue Jan 16 12:29:18 UTC 2018
#@# Curv .H and .K lh Tue Jan 16 12:30:51 UTC 2018
#@# Curv .H and .K rh Tue Jan 16 12:34:26 UTC 2018
#@# Curvature Stats lh Tue Jan 16 12:38:07 UTC 2018
#@# Curvature Stats rh Tue Jan 16 12:38:18 UTC 2018
#@# Sphere lh Tue Jan 16 12:38:28 UTC 2018
#@# Sphere rh Tue Jan 16 14:34:03 UTC 2018
#@# Surf Reg lh Tue Jan 16 16:57:18 UTC 2018
#@# Surf Reg rh Tue Jan 16 18:58:49 UTC 2018
#@# Jacobian white lh Tue Jan 16 21:25:35 UTC 2018
#@# Jacobian white rh Tue Jan 16 21:25:40 UTC 2018
#@# AvgCurv lh Tue Jan 16 21:25:44 UTC 2018
#@# AvgCurv rh Tue Jan 16 21:25:49 UTC 2018
#@# Cortical Parc lh Tue Jan 16 21:25:53 UTC 2018
#@# Cortical Parc rh Tue Jan 16 21:26:40 UTC 2018
#@# Make Pial Surf lh Tue Jan 16 21:27:21 UTC 2018
#@# Make Pial Surf rh Tue Jan 16 22:07:26 UTC 2018
#@# Surf Volume lh Tue Jan 16 22:46:47 UTC 2018
#@# Surf Volume rh Tue Jan 16 22:46:55 UTC 2018
#@# Cortical ribbon mask Tue Jan 16 22:47:03 UTC 2018
#@# Parcellation Stats lh Tue Jan 16 23:32:03 UTC 2018
#@# Parcellation Stats rh Tue Jan 16 23:35:27 UTC 2018
#@# Cortical Parc 2 lh Tue Jan 16 23:38:56 UTC 2018
#@# Cortical Parc 2 rh Tue Jan 16 23:39:41 UTC 2018
#@# Parcellation Stats 2 lh Tue Jan 16 23:40:25 UTC 2018
#@# Parcellation Stats 2 rh Tue Jan 16 23:42:10 UTC 2018
#@# Cortical Parc 3 lh Tue Jan 16 23:43:53 UTC 2018
#@# Cortical Parc 3 rh Tue Jan 16 23:44:26 UTC 2018
#@# Parcellation Stats 3 lh Tue Jan 16 23:44:59 UTC 2018
#@# Parcellation Stats 3 rh Tue Jan 16 23:46:33 UTC 2018
#@# WM/GM Contrast lh Tue Jan 16 23:48:14 UTC 2018
#@# WM/GM Contrast rh Tue Jan 16 23:48:28 UTC 2018
#@# Relabel Hypointensities Tue Jan 16 23:48:42 UTC 2018
#@# AParc-to-ASeg aparc Tue Jan 16 23:49:31 UTC 2018
#@# AParc-to-ASeg a2009s Wed Jan 17 00:00:07 UTC 2018
#@# AParc-to-ASeg DKTatlas Wed Jan 17 00:10:56 UTC 2018
#@# APas-to-ASeg Wed Jan 17 00:22:59 UTC 2018
#@# ASeg Stats Wed Jan 17 00:23:20 UTC 2018
#@# WMParc Wed Jan 17 00:38:37 UTC 2018
#@# BA_exvivo Labels lh Wed Jan 17 01:10:07 UTC 2018
#@# BA_exvivo Labels rh Wed Jan 17 01:24:53 UTC 2018
recon-all -s 4083 finished without error at Wed Jan 17 01:38:32 UTC 2018
