status file for recon-all
Thu Jan 11 18:50:15 UTC 2018
#@# MotionCor Thu Jan 11 18:50:25 UTC 2018
#@# Talairach Thu Jan 11 18:51:10 UTC 2018
#@# Talairach Failure Detection Thu Jan 11 18:57:56 UTC 2018
#@# Nu Intensity Correction Thu Jan 11 18:57:56 UTC 2018
#@# Intensity Normalization Thu Jan 11 19:08:21 UTC 2018
#@# Skull Stripping Thu Jan 11 19:15:31 UTC 2018
#@# EM Registration Thu Jan 11 20:05:48 UTC 2018
#@# CA Normalize Thu Jan 11 21:19:41 UTC 2018
#@# CA Reg Thu Jan 11 21:24:13 UTC 2018
#@# SubCort Seg Fri Jan 12 07:23:29 UTC 2018
#@# Merge ASeg Fri Jan 12 10:56:21 UTC 2018
#@# Intensity Normalization2 Fri Jan 12 10:56:21 UTC 2018
#@# Mask BFS Fri Jan 12 11:06:11 UTC 2018
#@# WM Segmentation Fri Jan 12 11:06:17 UTC 2018
#@# Fill Fri Jan 12 11:13:02 UTC 2018
#@# Tessellate lh Fri Jan 12 11:15:29 UTC 2018
#@# Tessellate rh Fri Jan 12 11:15:49 UTC 2018
#@# Smooth1 lh Fri Jan 12 11:16:06 UTC 2018
#@# Smooth1 rh Fri Jan 12 11:16:22 UTC 2018
#@# Inflation1 lh Fri Jan 12 11:16:36 UTC 2018
#@# Inflation1 rh Fri Jan 12 11:18:10 UTC 2018
#@# QSphere lh Fri Jan 12 11:19:41 UTC 2018
#@# QSphere rh Fri Jan 12 11:29:00 UTC 2018
#@# Fix Topology Copy lh Fri Jan 12 11:38:15 UTC 2018
#@# Fix Topology Copy rh Fri Jan 12 11:38:15 UTC 2018
#@# Fix Topology lh Fri Jan 12 11:38:15 UTC 2018
#@# Fix Topology rh Fri Jan 12 12:33:57 UTC 2018
#@# Make White Surf lh Fri Jan 12 13:53:24 UTC 2018
#@# Make White Surf rh Fri Jan 12 14:05:32 UTC 2018
#@# Smooth2 lh Fri Jan 12 14:18:19 UTC 2018
#@# Smooth2 rh Fri Jan 12 14:18:33 UTC 2018
#@# Inflation2 lh Fri Jan 12 14:18:48 UTC 2018
#@# Inflation2 rh Fri Jan 12 14:20:19 UTC 2018
#@# Curv .H and .K lh Fri Jan 12 14:21:51 UTC 2018
#@# Curv .H and .K rh Fri Jan 12 14:25:18 UTC 2018
#@# Curvature Stats lh Fri Jan 12 14:28:49 UTC 2018
#@# Curvature Stats rh Fri Jan 12 14:29:00 UTC 2018
#@# Sphere lh Fri Jan 12 14:29:11 UTC 2018
#@# Sphere rh Fri Jan 12 16:21:44 UTC 2018
#@# Surf Reg lh Fri Jan 12 18:28:51 UTC 2018
#@# Surf Reg rh Fri Jan 12 20:51:11 UTC 2018
#@# Jacobian white lh Fri Jan 12 23:02:41 UTC 2018
#@# Jacobian white rh Fri Jan 12 23:02:45 UTC 2018
#@# AvgCurv lh Fri Jan 12 23:02:49 UTC 2018
#@# AvgCurv rh Fri Jan 12 23:02:53 UTC 2018
#@# Cortical Parc lh Fri Jan 12 23:02:57 UTC 2018
#@# Cortical Parc rh Fri Jan 12 23:03:33 UTC 2018
#@# Make Pial Surf lh Fri Jan 12 23:04:09 UTC 2018
#@# Make Pial Surf rh Fri Jan 12 23:33:21 UTC 2018
#@# Surf Volume lh Sat Jan 13 00:02:30 UTC 2018
#@# Surf Volume rh Sat Jan 13 00:02:36 UTC 2018
#@# Cortical ribbon mask Sat Jan 13 00:02:42 UTC 2018
#@# Parcellation Stats lh Sat Jan 13 00:25:53 UTC 2018
#@# Parcellation Stats rh Sat Jan 13 00:28:37 UTC 2018
#@# Cortical Parc 2 lh Sat Jan 13 00:32:40 UTC 2018
#@# Cortical Parc 2 rh Sat Jan 13 00:33:36 UTC 2018
#@# Parcellation Stats 2 lh Sat Jan 13 00:34:30 UTC 2018
#@# Parcellation Stats 2 rh Sat Jan 13 00:36:24 UTC 2018
#@# Cortical Parc 3 lh Sat Jan 13 00:38:22 UTC 2018
#@# Cortical Parc 3 rh Sat Jan 13 00:38:59 UTC 2018
#@# Parcellation Stats 3 lh Sat Jan 13 00:39:43 UTC 2018
#@# Parcellation Stats 3 rh Sat Jan 13 00:41:36 UTC 2018
#@# WM/GM Contrast lh Sat Jan 13 00:43:29 UTC 2018
#@# WM/GM Contrast rh Sat Jan 13 00:43:48 UTC 2018
#@# Relabel Hypointensities Sat Jan 13 00:44:04 UTC 2018
#@# AParc-to-ASeg aparc Sat Jan 13 00:45:10 UTC 2018
#@# AParc-to-ASeg a2009s Sat Jan 13 00:58:12 UTC 2018
#@# AParc-to-ASeg DKTatlas Sat Jan 13 01:12:11 UTC 2018
#@# APas-to-ASeg Sat Jan 13 01:23:58 UTC 2018
#@# ASeg Stats Sat Jan 13 01:24:12 UTC 2018
#@# WMParc Sat Jan 13 01:30:43 UTC 2018
#@# BA_exvivo Labels lh Sat Jan 13 01:50:33 UTC 2018
#@# BA_exvivo Labels rh Sat Jan 13 02:00:21 UTC 2018
recon-all -s 3635 finished without error at Sat Jan 13 02:10:36 UTC 2018
