status file for recon-all
Wed Jan 17 07:13:24 UTC 2018
#@# MotionCor Wed Jan 17 07:13:27 UTC 2018
#@# Talairach Wed Jan 17 07:13:41 UTC 2018
#@# Talairach Failure Detection Wed Jan 17 07:18:57 UTC 2018
#@# Nu Intensity Correction Wed Jan 17 07:18:57 UTC 2018
#@# Intensity Normalization Wed Jan 17 07:25:21 UTC 2018
#@# Skull Stripping Wed Jan 17 07:32:29 UTC 2018
#@# EM Registration Wed Jan 17 08:36:03 UTC 2018
#@# CA Normalize Wed Jan 17 09:45:58 UTC 2018
#@# CA Reg Wed Jan 17 09:50:10 UTC 2018
#@# SubCort Seg Wed Jan 17 17:44:48 UTC 2018
#@# Merge ASeg Wed Jan 17 21:35:27 UTC 2018
#@# Intensity Normalization2 Wed Jan 17 21:35:27 UTC 2018
#@# Mask BFS Wed Jan 17 21:43:39 UTC 2018
#@# WM Segmentation Wed Jan 17 21:43:45 UTC 2018
#@# Fill Wed Jan 17 21:49:33 UTC 2018
#@# Tessellate lh Wed Jan 17 21:51:31 UTC 2018
#@# Tessellate rh Wed Jan 17 21:51:46 UTC 2018
#@# Smooth1 lh Wed Jan 17 21:52:04 UTC 2018
#@# Smooth1 rh Wed Jan 17 21:52:16 UTC 2018
#@# Inflation1 lh Wed Jan 17 21:52:29 UTC 2018
#@# Inflation1 rh Wed Jan 17 21:53:49 UTC 2018
#@# QSphere lh Wed Jan 17 21:55:10 UTC 2018
#@# QSphere rh Wed Jan 17 22:03:21 UTC 2018
#@# Fix Topology Copy lh Wed Jan 17 22:12:09 UTC 2018
#@# Fix Topology Copy rh Wed Jan 17 22:12:09 UTC 2018
#@# Fix Topology lh Wed Jan 17 22:12:09 UTC 2018
#@# Fix Topology rh Thu Jan 18 00:26:14 UTC 2018
#@# Make White Surf lh Thu Jan 18 09:48:40 UTC 2018
#@# Make White Surf rh Thu Jan 18 09:58:55 UTC 2018
#@# Smooth2 lh Thu Jan 18 10:09:24 UTC 2018
#@# Smooth2 rh Thu Jan 18 10:09:40 UTC 2018
#@# Inflation2 lh Thu Jan 18 10:09:55 UTC 2018
#@# Inflation2 rh Thu Jan 18 10:11:10 UTC 2018
#@# Curv .H and .K lh Thu Jan 18 10:12:24 UTC 2018
#@# Curv .H and .K rh Thu Jan 18 10:15:31 UTC 2018
#@# Curvature Stats lh Thu Jan 18 10:18:35 UTC 2018
#@# Curvature Stats rh Thu Jan 18 10:18:43 UTC 2018
#@# Sphere lh Thu Jan 18 10:18:51 UTC 2018
#@# Sphere rh Thu Jan 18 12:00:34 UTC 2018
#@# Surf Reg lh Thu Jan 18 13:27:17 UTC 2018
#@# Surf Reg rh Thu Jan 18 14:49:08 UTC 2018
#@# Jacobian white lh Thu Jan 18 16:33:09 UTC 2018
#@# Jacobian white rh Thu Jan 18 16:33:12 UTC 2018
#@# AvgCurv lh Thu Jan 18 16:33:15 UTC 2018
#@# AvgCurv rh Thu Jan 18 16:33:18 UTC 2018
#@# Cortical Parc lh Thu Jan 18 16:33:21 UTC 2018
#@# Cortical Parc rh Thu Jan 18 16:33:45 UTC 2018
#@# Make Pial Surf lh Thu Jan 18 16:34:07 UTC 2018
#@# Make Pial Surf rh Thu Jan 18 16:58:46 UTC 2018
#@# Surf Volume lh Thu Jan 18 17:22:14 UTC 2018
#@# Surf Volume rh Thu Jan 18 17:22:20 UTC 2018
#@# Cortical ribbon mask Thu Jan 18 17:22:24 UTC 2018
#@# Parcellation Stats lh Thu Jan 18 17:39:02 UTC 2018
#@# Parcellation Stats rh Thu Jan 18 17:41:23 UTC 2018
#@# Cortical Parc 2 lh Thu Jan 18 17:43:43 UTC 2018
#@# Cortical Parc 2 rh Thu Jan 18 17:44:15 UTC 2018
#@# Parcellation Stats 2 lh Thu Jan 18 17:44:47 UTC 2018
#@# Parcellation Stats 2 rh Thu Jan 18 17:46:00 UTC 2018
#@# Cortical Parc 3 lh Thu Jan 18 17:47:11 UTC 2018
#@# Cortical Parc 3 rh Thu Jan 18 17:47:38 UTC 2018
#@# Parcellation Stats 3 lh Thu Jan 18 17:48:01 UTC 2018
#@# Parcellation Stats 3 rh Thu Jan 18 17:49:13 UTC 2018
#@# WM/GM Contrast lh Thu Jan 18 17:50:21 UTC 2018
#@# WM/GM Contrast rh Thu Jan 18 17:50:30 UTC 2018
#@# Relabel Hypointensities Thu Jan 18 17:50:38 UTC 2018
#@# AParc-to-ASeg aparc Thu Jan 18 17:51:17 UTC 2018
#@# AParc-to-ASeg a2009s Thu Jan 18 17:59:16 UTC 2018
#@# AParc-to-ASeg DKTatlas Thu Jan 18 18:07:16 UTC 2018
#@# APas-to-ASeg Thu Jan 18 18:15:43 UTC 2018
#@# ASeg Stats Thu Jan 18 18:15:55 UTC 2018
#@# WMParc Thu Jan 18 18:21:22 UTC 2018
#@# BA_exvivo Labels lh Thu Jan 18 18:38:02 UTC 2018
#@# BA_exvivo Labels rh Thu Jan 18 18:46:28 UTC 2018
recon-all -s 3420 finished without error at Thu Jan 18 18:54:39 UTC 2018
