status file for recon-all
Thu Jan 11 18:49:32 UTC 2018
#@# MotionCor Thu Jan 11 18:49:40 UTC 2018
#@# Talairach Thu Jan 11 18:50:11 UTC 2018
#@# Talairach Failure Detection Thu Jan 11 18:57:20 UTC 2018
#@# Nu Intensity Correction Thu Jan 11 18:57:20 UTC 2018
#@# Intensity Normalization Thu Jan 11 19:08:31 UTC 2018
#@# Skull Stripping Thu Jan 11 19:14:50 UTC 2018
#@# EM Registration Thu Jan 11 20:18:41 UTC 2018
#@# CA Normalize Thu Jan 11 21:39:24 UTC 2018
#@# CA Reg Thu Jan 11 21:43:59 UTC 2018
#@# SubCort Seg Fri Jan 12 07:37:39 UTC 2018
#@# Merge ASeg Fri Jan 12 10:56:40 UTC 2018
#@# Intensity Normalization2 Fri Jan 12 10:56:40 UTC 2018
#@# Mask BFS Fri Jan 12 11:06:02 UTC 2018
#@# WM Segmentation Fri Jan 12 11:06:08 UTC 2018
#@# Fill Fri Jan 12 11:12:49 UTC 2018
#@# Tessellate lh Fri Jan 12 11:15:16 UTC 2018
#@# Tessellate rh Fri Jan 12 11:15:34 UTC 2018
#@# Smooth1 lh Fri Jan 12 11:15:51 UTC 2018
#@# Smooth1 rh Fri Jan 12 11:16:05 UTC 2018
#@# Inflation1 lh Fri Jan 12 11:16:19 UTC 2018
#@# Inflation1 rh Fri Jan 12 11:17:46 UTC 2018
#@# QSphere lh Fri Jan 12 11:19:13 UTC 2018
#@# QSphere rh Fri Jan 12 11:27:40 UTC 2018
#@# Fix Topology Copy lh Fri Jan 12 11:35:59 UTC 2018
#@# Fix Topology Copy rh Fri Jan 12 11:35:59 UTC 2018
#@# Fix Topology lh Fri Jan 12 11:35:59 UTC 2018
#@# Fix Topology rh Fri Jan 12 13:13:40 UTC 2018
#@# Make White Surf lh Fri Jan 12 14:33:08 UTC 2018
#@# Make White Surf rh Fri Jan 12 14:44:11 UTC 2018
#@# Smooth2 lh Fri Jan 12 14:55:22 UTC 2018
#@# Smooth2 rh Fri Jan 12 14:55:35 UTC 2018
#@# Inflation2 lh Fri Jan 12 14:55:47 UTC 2018
#@# Inflation2 rh Fri Jan 12 14:57:08 UTC 2018
#@# Curv .H and .K lh Fri Jan 12 14:58:34 UTC 2018
#@# Curv .H and .K rh Fri Jan 12 15:01:53 UTC 2018
#@# Curvature Stats lh Fri Jan 12 15:05:18 UTC 2018
#@# Curvature Stats rh Fri Jan 12 15:05:28 UTC 2018
#@# Sphere lh Fri Jan 12 15:05:38 UTC 2018
#@# Sphere rh Fri Jan 12 16:49:59 UTC 2018
#@# Surf Reg lh Fri Jan 12 19:18:31 UTC 2018
#@# Surf Reg rh Fri Jan 12 21:01:36 UTC 2018
#@# Jacobian white lh Fri Jan 12 23:19:58 UTC 2018
#@# Jacobian white rh Fri Jan 12 23:20:02 UTC 2018
#@# AvgCurv lh Fri Jan 12 23:20:05 UTC 2018
#@# AvgCurv rh Fri Jan 12 23:20:09 UTC 2018
#@# Cortical Parc lh Fri Jan 12 23:20:11 UTC 2018
#@# Cortical Parc rh Fri Jan 12 23:20:37 UTC 2018
#@# Make Pial Surf lh Fri Jan 12 23:21:04 UTC 2018
#@# Make Pial Surf rh Fri Jan 12 23:47:12 UTC 2018
#@# Surf Volume lh Sat Jan 13 00:14:02 UTC 2018
#@# Surf Volume rh Sat Jan 13 00:14:08 UTC 2018
#@# Cortical ribbon mask Sat Jan 13 00:14:13 UTC 2018
#@# Parcellation Stats lh Sat Jan 13 00:43:40 UTC 2018
#@# Parcellation Stats rh Sat Jan 13 00:47:01 UTC 2018
#@# Cortical Parc 2 lh Sat Jan 13 00:50:34 UTC 2018
#@# Cortical Parc 2 rh Sat Jan 13 00:51:22 UTC 2018
#@# Parcellation Stats 2 lh Sat Jan 13 00:52:12 UTC 2018
#@# Parcellation Stats 2 rh Sat Jan 13 00:54:04 UTC 2018
#@# Cortical Parc 3 lh Sat Jan 13 00:56:00 UTC 2018
#@# Cortical Parc 3 rh Sat Jan 13 00:56:33 UTC 2018
#@# Parcellation Stats 3 lh Sat Jan 13 00:56:59 UTC 2018
#@# Parcellation Stats 3 rh Sat Jan 13 00:58:23 UTC 2018
#@# WM/GM Contrast lh Sat Jan 13 01:00:19 UTC 2018
#@# WM/GM Contrast rh Sat Jan 13 01:00:36 UTC 2018
#@# Relabel Hypointensities Sat Jan 13 01:00:52 UTC 2018
#@# AParc-to-ASeg aparc Sat Jan 13 01:01:57 UTC 2018
#@# AParc-to-ASeg a2009s Sat Jan 13 01:14:16 UTC 2018
#@# AParc-to-ASeg DKTatlas Sat Jan 13 01:24:51 UTC 2018
#@# APas-to-ASeg Sat Jan 13 01:33:15 UTC 2018
#@# ASeg Stats Sat Jan 13 01:33:28 UTC 2018
#@# WMParc Sat Jan 13 01:40:40 UTC 2018
#@# BA_exvivo Labels lh Sat Jan 13 01:59:01 UTC 2018
#@# BA_exvivo Labels rh Sat Jan 13 02:08:37 UTC 2018
recon-all -s 3629 finished without error at Sat Jan 13 02:17:30 UTC 2018
