status file for recon-all
Wed Jan 17 07:14:20 UTC 2018
#@# MotionCor Wed Jan 17 07:14:27 UTC 2018
#@# Talairach Wed Jan 17 07:14:51 UTC 2018
#@# Talairach Failure Detection Wed Jan 17 07:21:44 UTC 2018
#@# Nu Intensity Correction Wed Jan 17 07:21:44 UTC 2018
#@# Intensity Normalization Wed Jan 17 07:29:33 UTC 2018
#@# Skull Stripping Wed Jan 17 07:35:45 UTC 2018
#@# EM Registration Wed Jan 17 08:35:34 UTC 2018
#@# CA Normalize Wed Jan 17 09:21:12 UTC 2018
#@# CA Reg Wed Jan 17 09:25:10 UTC 2018
#@# SubCort Seg Wed Jan 17 17:18:15 UTC 2018
#@# Merge ASeg Wed Jan 17 21:15:18 UTC 2018
#@# Intensity Normalization2 Wed Jan 17 21:15:19 UTC 2018
#@# Mask BFS Wed Jan 17 21:23:37 UTC 2018
#@# WM Segmentation Wed Jan 17 21:23:41 UTC 2018
#@# Fill Wed Jan 17 21:29:27 UTC 2018
#@# Tessellate lh Wed Jan 17 21:31:24 UTC 2018
#@# Tessellate rh Wed Jan 17 21:31:40 UTC 2018
#@# Smooth1 lh Wed Jan 17 21:31:51 UTC 2018
#@# Smooth1 rh Wed Jan 17 21:32:04 UTC 2018
#@# Inflation1 lh Wed Jan 17 21:32:17 UTC 2018
#@# Inflation1 rh Wed Jan 17 21:33:31 UTC 2018
#@# QSphere lh Wed Jan 17 21:34:46 UTC 2018
#@# QSphere rh Wed Jan 17 21:42:36 UTC 2018
#@# Fix Topology Copy lh Wed Jan 17 21:50:36 UTC 2018
#@# Fix Topology Copy rh Wed Jan 17 21:50:36 UTC 2018
#@# Fix Topology lh Wed Jan 17 21:50:36 UTC 2018
#@# Fix Topology rh Wed Jan 17 23:08:16 UTC 2018
#@# Make White Surf lh Thu Jan 18 00:30:48 UTC 2018
#@# Make White Surf rh Thu Jan 18 00:41:16 UTC 2018
#@# Smooth2 lh Thu Jan 18 00:51:38 UTC 2018
#@# Smooth2 rh Thu Jan 18 00:51:48 UTC 2018
#@# Inflation2 lh Thu Jan 18 00:51:59 UTC 2018
#@# Inflation2 rh Thu Jan 18 00:53:10 UTC 2018
#@# Curv .H and .K lh Thu Jan 18 00:54:20 UTC 2018
#@# Curv .H and .K rh Thu Jan 18 00:57:23 UTC 2018
#@# Curvature Stats lh Thu Jan 18 01:00:22 UTC 2018
#@# Curvature Stats rh Thu Jan 18 01:00:30 UTC 2018
#@# Sphere lh Thu Jan 18 01:00:39 UTC 2018
#@# Sphere rh Thu Jan 18 02:41:51 UTC 2018
#@# Surf Reg lh Thu Jan 18 04:12:03 UTC 2018
#@# Surf Reg rh Thu Jan 18 06:04:48 UTC 2018
#@# Jacobian white lh Thu Jan 18 08:05:25 UTC 2018
#@# Jacobian white rh Thu Jan 18 08:05:31 UTC 2018
#@# AvgCurv lh Thu Jan 18 08:05:35 UTC 2018
#@# AvgCurv rh Thu Jan 18 08:05:39 UTC 2018
#@# Cortical Parc lh Thu Jan 18 08:05:43 UTC 2018
#@# Cortical Parc rh Thu Jan 18 08:06:24 UTC 2018
#@# Make Pial Surf lh Thu Jan 18 08:07:00 UTC 2018
#@# Make Pial Surf rh Thu Jan 18 08:41:28 UTC 2018
#@# Surf Volume lh Thu Jan 18 09:13:09 UTC 2018
#@# Surf Volume rh Thu Jan 18 09:13:17 UTC 2018
#@# Cortical ribbon mask Thu Jan 18 09:13:26 UTC 2018
#@# Parcellation Stats lh Thu Jan 18 09:40:21 UTC 2018
#@# Parcellation Stats rh Thu Jan 18 09:43:34 UTC 2018
#@# Cortical Parc 2 lh Thu Jan 18 09:46:48 UTC 2018
#@# Cortical Parc 2 rh Thu Jan 18 09:47:30 UTC 2018
#@# Parcellation Stats 2 lh Thu Jan 18 09:48:17 UTC 2018
#@# Parcellation Stats 2 rh Thu Jan 18 09:49:50 UTC 2018
#@# Cortical Parc 3 lh Thu Jan 18 09:51:28 UTC 2018
#@# Cortical Parc 3 rh Thu Jan 18 09:52:05 UTC 2018
#@# Parcellation Stats 3 lh Thu Jan 18 09:52:41 UTC 2018
#@# Parcellation Stats 3 rh Thu Jan 18 09:54:20 UTC 2018
#@# WM/GM Contrast lh Thu Jan 18 09:55:46 UTC 2018
#@# WM/GM Contrast rh Thu Jan 18 09:56:00 UTC 2018
#@# Relabel Hypointensities Thu Jan 18 09:56:13 UTC 2018
#@# AParc-to-ASeg aparc Thu Jan 18 09:57:13 UTC 2018
#@# AParc-to-ASeg a2009s Thu Jan 18 10:07:59 UTC 2018
#@# AParc-to-ASeg DKTatlas Thu Jan 18 10:19:02 UTC 2018
#@# APas-to-ASeg Thu Jan 18 10:29:27 UTC 2018
#@# ASeg Stats Thu Jan 18 10:29:41 UTC 2018
#@# WMParc Thu Jan 18 10:41:09 UTC 2018
#@# BA_exvivo Labels lh Thu Jan 18 11:05:57 UTC 2018
#@# BA_exvivo Labels rh Thu Jan 18 11:17:16 UTC 2018
recon-all -s 3423 finished without error at Thu Jan 18 11:28:35 UTC 2018
