status file for recon-all
Thu Jan 18 19:11:17 UTC 2018
#@# MotionCor Thu Jan 18 19:11:23 UTC 2018
#@# Talairach Thu Jan 18 19:11:44 UTC 2018
#@# Talairach Failure Detection Thu Jan 18 19:18:08 UTC 2018
#@# Nu Intensity Correction Thu Jan 18 19:18:08 UTC 2018
#@# Intensity Normalization Thu Jan 18 19:27:43 UTC 2018
#@# Skull Stripping Thu Jan 18 19:35:52 UTC 2018
#@# EM Registration Thu Jan 18 21:08:02 UTC 2018
#@# CA Normalize Thu Jan 18 22:29:17 UTC 2018
#@# CA Reg Thu Jan 18 22:34:37 UTC 2018
#@# SubCort Seg Fri Jan 19 08:08:58 UTC 2018
#@# Merge ASeg Fri Jan 19 10:37:10 UTC 2018
#@# Intensity Normalization2 Fri Jan 19 10:37:11 UTC 2018
#@# Mask BFS Fri Jan 19 10:47:48 UTC 2018
#@# WM Segmentation Fri Jan 19 10:47:55 UTC 2018
#@# Fill Fri Jan 19 10:53:58 UTC 2018
#@# Tessellate lh Fri Jan 19 10:56:32 UTC 2018
#@# Tessellate rh Fri Jan 19 10:56:52 UTC 2018
#@# Smooth1 lh Fri Jan 19 10:57:12 UTC 2018
#@# Smooth1 rh Fri Jan 19 10:57:28 UTC 2018
#@# Inflation1 lh Fri Jan 19 10:57:44 UTC 2018
#@# Inflation1 rh Fri Jan 19 10:59:26 UTC 2018
#@# QSphere lh Fri Jan 19 11:01:07 UTC 2018
#@# QSphere rh Fri Jan 19 11:10:22 UTC 2018
#@# Fix Topology Copy lh Fri Jan 19 11:19:25 UTC 2018
#@# Fix Topology Copy rh Fri Jan 19 11:19:25 UTC 2018
#@# Fix Topology lh Fri Jan 19 11:19:25 UTC 2018
#@# Fix Topology rh Fri Jan 19 12:17:11 UTC 2018
#@# Make White Surf lh Fri Jan 19 13:20:35 UTC 2018
#@# Make White Surf rh Fri Jan 19 13:34:26 UTC 2018
#@# Smooth2 lh Fri Jan 19 13:46:41 UTC 2018
#@# Smooth2 rh Fri Jan 19 13:46:54 UTC 2018
#@# Inflation2 lh Fri Jan 19 13:47:08 UTC 2018
#@# Inflation2 rh Fri Jan 19 13:48:30 UTC 2018
#@# Curv .H and .K lh Fri Jan 19 13:49:52 UTC 2018
#@# Curv .H and .K rh Fri Jan 19 13:53:10 UTC 2018
#@# Curvature Stats lh Fri Jan 19 13:56:36 UTC 2018
#@# Curvature Stats rh Fri Jan 19 13:56:45 UTC 2018
#@# Sphere lh Fri Jan 19 13:56:54 UTC 2018
#@# Sphere rh Fri Jan 19 15:52:19 UTC 2018
#@# Surf Reg lh Fri Jan 19 17:43:01 UTC 2018
#@# Surf Reg rh Fri Jan 19 19:52:23 UTC 2018
#@# Jacobian white lh Fri Jan 19 21:42:52 UTC 2018
#@# Jacobian white rh Fri Jan 19 21:42:56 UTC 2018
#@# AvgCurv lh Fri Jan 19 21:43:01 UTC 2018
#@# AvgCurv rh Fri Jan 19 21:43:04 UTC 2018
#@# Cortical Parc lh Fri Jan 19 21:43:08 UTC 2018
#@# Cortical Parc rh Fri Jan 19 21:43:45 UTC 2018
#@# Make Pial Surf lh Fri Jan 19 21:44:21 UTC 2018
#@# Make Pial Surf rh Fri Jan 19 22:19:42 UTC 2018
#@# Surf Volume lh Fri Jan 19 22:53:28 UTC 2018
#@# Surf Volume rh Fri Jan 19 22:53:36 UTC 2018
#@# Cortical ribbon mask Fri Jan 19 22:53:43 UTC 2018
#@# Parcellation Stats lh Fri Jan 19 23:25:17 UTC 2018
#@# Parcellation Stats rh Fri Jan 19 23:28:25 UTC 2018
#@# Cortical Parc 2 lh Fri Jan 19 23:31:27 UTC 2018
#@# Cortical Parc 2 rh Fri Jan 19 23:32:08 UTC 2018
#@# Parcellation Stats 2 lh Fri Jan 19 23:32:47 UTC 2018
#@# Parcellation Stats 2 rh Fri Jan 19 23:34:23 UTC 2018
#@# Cortical Parc 3 lh Fri Jan 19 23:35:58 UTC 2018
#@# Cortical Parc 3 rh Fri Jan 19 23:36:33 UTC 2018
#@# Parcellation Stats 3 lh Fri Jan 19 23:37:10 UTC 2018
#@# Parcellation Stats 3 rh Fri Jan 19 23:38:39 UTC 2018
#@# WM/GM Contrast lh Fri Jan 19 23:40:10 UTC 2018
#@# WM/GM Contrast rh Fri Jan 19 23:40:23 UTC 2018
#@# Relabel Hypointensities Fri Jan 19 23:40:36 UTC 2018
#@# AParc-to-ASeg aparc Fri Jan 19 23:41:36 UTC 2018
#@# AParc-to-ASeg a2009s Fri Jan 19 23:54:42 UTC 2018
#@# AParc-to-ASeg DKTatlas Sat Jan 20 00:07:44 UTC 2018
#@# APas-to-ASeg Sat Jan 20 00:20:27 UTC 2018
#@# ASeg Stats Sat Jan 20 00:20:47 UTC 2018
#@# WMParc Sat Jan 20 00:31:10 UTC 2018
#@# BA_exvivo Labels lh Sat Jan 20 00:59:45 UTC 2018
#@# BA_exvivo Labels rh Sat Jan 20 01:11:21 UTC 2018
recon-all -s 3787 finished without error at Sat Jan 20 01:23:12 UTC 2018
