status file for recon-all
Sun Dec 31 21:24:19 UTC 2017
#@# MotionCor Sun Dec 31 21:24:24 UTC 2017
#@# Talairach Sun Dec 31 21:24:41 UTC 2017
#@# Talairach Failure Detection Sun Dec 31 21:27:48 UTC 2017
#@# Nu Intensity Correction Sun Dec 31 21:27:49 UTC 2017
#@# Intensity Normalization Sun Dec 31 21:32:34 UTC 2017
#@# Skull Stripping Sun Dec 31 21:37:39 UTC 2017
#@# EM Registration Sun Dec 31 22:28:49 UTC 2017
#@# CA Normalize Sun Dec 31 22:59:14 UTC 2017
#@# CA Reg Sun Dec 31 23:02:45 UTC 2017
#@# SubCort Seg Mon Jan  1 05:41:16 UTC 2018
#@# Merge ASeg Mon Jan  1 07:55:20 UTC 2018
#@# Intensity Normalization2 Mon Jan  1 07:55:20 UTC 2018
#@# Mask BFS Mon Jan  1 08:03:19 UTC 2018
#@# WM Segmentation Mon Jan  1 08:03:24 UTC 2018
#@# Fill Mon Jan  1 08:07:52 UTC 2018
#@# Tessellate lh Mon Jan  1 08:09:52 UTC 2018
#@# Tessellate rh Mon Jan  1 08:10:07 UTC 2018
#@# Smooth1 lh Mon Jan  1 08:10:21 UTC 2018
#@# Smooth1 rh Mon Jan  1 08:10:34 UTC 2018
#@# Inflation1 lh Mon Jan  1 08:10:46 UTC 2018
#@# Inflation1 rh Mon Jan  1 08:12:03 UTC 2018
#@# QSphere lh Mon Jan  1 08:13:16 UTC 2018
#@# QSphere rh Mon Jan  1 08:21:39 UTC 2018
#@# Fix Topology Copy lh Mon Jan  1 08:29:47 UTC 2018
#@# Fix Topology Copy rh Mon Jan  1 08:29:47 UTC 2018
#@# Fix Topology lh Mon Jan  1 08:29:47 UTC 2018
#@# Fix Topology rh Mon Jan  1 09:00:01 UTC 2018
#@# Make White Surf lh Mon Jan  1 09:36:53 UTC 2018
#@# Make White Surf rh Mon Jan  1 09:49:04 UTC 2018
#@# Smooth2 lh Mon Jan  1 10:00:51 UTC 2018
#@# Smooth2 rh Mon Jan  1 10:01:03 UTC 2018
#@# Inflation2 lh Mon Jan  1 10:01:15 UTC 2018
#@# Inflation2 rh Mon Jan  1 10:02:32 UTC 2018
#@# Curv .H and .K lh Mon Jan  1 10:03:48 UTC 2018
#@# Curv .H and .K rh Mon Jan  1 10:06:48 UTC 2018
#@# Curvature Stats lh Mon Jan  1 10:09:50 UTC 2018
#@# Curvature Stats rh Mon Jan  1 10:10:00 UTC 2018
#@# Sphere lh Mon Jan  1 10:10:09 UTC 2018
#@# Sphere rh Mon Jan  1 11:45:51 UTC 2018
#@# Surf Reg lh Mon Jan  1 13:44:03 UTC 2018
#@# Surf Reg rh Mon Jan  1 15:48:03 UTC 2018
#@# Jacobian white lh Mon Jan  1 17:55:19 UTC 2018
#@# Jacobian white rh Mon Jan  1 17:55:23 UTC 2018
#@# AvgCurv lh Mon Jan  1 17:55:27 UTC 2018
#@# AvgCurv rh Mon Jan  1 17:55:30 UTC 2018
#@# Cortical Parc lh Mon Jan  1 17:55:33 UTC 2018
#@# Cortical Parc rh Mon Jan  1 17:56:07 UTC 2018
#@# Make Pial Surf lh Mon Jan  1 17:56:44 UTC 2018
#@# Make Pial Surf rh Mon Jan  1 18:29:01 UTC 2018
#@# Surf Volume lh Mon Jan  1 19:02:41 UTC 2018
#@# Surf Volume rh Mon Jan  1 19:02:49 UTC 2018
#@# Cortical ribbon mask Mon Jan  1 19:02:56 UTC 2018
#@# Parcellation Stats lh Mon Jan  1 19:41:52 UTC 2018
#@# Parcellation Stats rh Mon Jan  1 19:44:52 UTC 2018
#@# Cortical Parc 2 lh Mon Jan  1 19:47:58 UTC 2018
#@# Cortical Parc 2 rh Mon Jan  1 19:48:44 UTC 2018
#@# Parcellation Stats 2 lh Mon Jan  1 19:49:29 UTC 2018
#@# Parcellation Stats 2 rh Mon Jan  1 19:51:05 UTC 2018
#@# Cortical Parc 3 lh Mon Jan  1 19:52:41 UTC 2018
#@# Cortical Parc 3 rh Mon Jan  1 19:53:13 UTC 2018
#@# Parcellation Stats 3 lh Mon Jan  1 19:53:44 UTC 2018
#@# Parcellation Stats 3 rh Mon Jan  1 19:55:15 UTC 2018
#@# WM/GM Contrast lh Mon Jan  1 19:56:43 UTC 2018
#@# WM/GM Contrast rh Mon Jan  1 19:56:56 UTC 2018
#@# Relabel Hypointensities Mon Jan  1 19:57:07 UTC 2018
#@# AParc-to-ASeg aparc Mon Jan  1 19:57:53 UTC 2018
#@# AParc-to-ASeg a2009s Mon Jan  1 20:07:12 UTC 2018
#@# AParc-to-ASeg DKTatlas Mon Jan  1 20:16:35 UTC 2018
#@# APas-to-ASeg Mon Jan  1 20:25:55 UTC 2018
#@# ASeg Stats Mon Jan  1 20:26:08 UTC 2018
#@# WMParc Mon Jan  1 20:34:20 UTC 2018
#@# BA_exvivo Labels lh Mon Jan  1 20:54:29 UTC 2018
#@# BA_exvivo Labels rh Mon Jan  1 21:04:45 UTC 2018
recon-all -s 3074 finished without error at Mon Jan  1 21:14:59 UTC 2018
