status file for recon-all
Sat Jan 13 21:43:25 UTC 2018
#@# MotionCor Sat Jan 13 21:43:39 UTC 2018
#@# Talairach Sat Jan 13 21:44:21 UTC 2018
#@# Talairach Failure Detection Sat Jan 13 21:55:39 UTC 2018
#@# Nu Intensity Correction Sat Jan 13 21:55:39 UTC 2018
#@# Intensity Normalization Sat Jan 13 22:15:36 UTC 2018
#@# Skull Stripping Sat Jan 13 22:22:57 UTC 2018
#@# EM Registration Sat Jan 13 23:15:42 UTC 2018
#@# CA Normalize Sun Jan 14 00:06:27 UTC 2018
#@# CA Reg Sun Jan 14 00:10:57 UTC 2018
#@# SubCort Seg Sun Jan 14 08:49:37 UTC 2018
#@# Merge ASeg Sun Jan 14 11:02:05 UTC 2018
#@# Intensity Normalization2 Sun Jan 14 11:02:05 UTC 2018
#@# Mask BFS Sun Jan 14 11:11:10 UTC 2018
#@# WM Segmentation Sun Jan 14 11:11:14 UTC 2018
#@# Fill Sun Jan 14 11:16:27 UTC 2018
#@# Tessellate lh Sun Jan 14 11:18:40 UTC 2018
#@# Tessellate rh Sun Jan 14 11:18:53 UTC 2018
#@# Smooth1 lh Sun Jan 14 11:19:08 UTC 2018
#@# Smooth1 rh Sun Jan 14 11:19:19 UTC 2018
#@# Inflation1 lh Sun Jan 14 11:19:30 UTC 2018
#@# Inflation1 rh Sun Jan 14 11:20:35 UTC 2018
#@# QSphere lh Sun Jan 14 11:21:37 UTC 2018
#@# QSphere rh Sun Jan 14 11:28:29 UTC 2018
#@# Fix Topology Copy lh Sun Jan 14 11:35:45 UTC 2018
#@# Fix Topology Copy rh Sun Jan 14 11:35:45 UTC 2018
#@# Fix Topology lh Sun Jan 14 11:35:46 UTC 2018
#@# Fix Topology rh Sun Jan 14 12:33:54 UTC 2018
#@# Make White Surf lh Sun Jan 14 13:11:55 UTC 2018
#@# Make White Surf rh Sun Jan 14 13:22:03 UTC 2018
#@# Smooth2 lh Sun Jan 14 13:33:25 UTC 2018
#@# Smooth2 rh Sun Jan 14 13:33:35 UTC 2018
#@# Inflation2 lh Sun Jan 14 13:33:47 UTC 2018
#@# Inflation2 rh Sun Jan 14 13:34:53 UTC 2018
#@# Curv .H and .K lh Sun Jan 14 13:36:01 UTC 2018
#@# Curv .H and .K rh Sun Jan 14 13:38:33 UTC 2018
#@# Curvature Stats lh Sun Jan 14 13:41:07 UTC 2018
#@# Curvature Stats rh Sun Jan 14 13:41:14 UTC 2018
#@# Sphere lh Sun Jan 14 13:41:22 UTC 2018
#@# Sphere rh Sun Jan 14 14:43:08 UTC 2018
#@# Surf Reg lh Sun Jan 14 15:33:13 UTC 2018
#@# Surf Reg rh Sun Jan 14 16:59:45 UTC 2018
#@# Jacobian white lh Sun Jan 14 19:00:34 UTC 2018
#@# Jacobian white rh Sun Jan 14 19:00:39 UTC 2018
#@# AvgCurv lh Sun Jan 14 19:00:44 UTC 2018
#@# AvgCurv rh Sun Jan 14 19:00:47 UTC 2018
#@# Cortical Parc lh Sun Jan 14 19:00:50 UTC 2018
#@# Cortical Parc rh Sun Jan 14 19:01:25 UTC 2018
#@# Make Pial Surf lh Sun Jan 14 19:02:02 UTC 2018
#@# Make Pial Surf rh Sun Jan 14 19:31:37 UTC 2018
#@# Surf Volume lh Sun Jan 14 20:02:37 UTC 2018
#@# Surf Volume rh Sun Jan 14 20:02:45 UTC 2018
#@# Cortical ribbon mask Sun Jan 14 20:02:52 UTC 2018
#@# Parcellation Stats lh Sun Jan 14 20:31:23 UTC 2018
#@# Parcellation Stats rh Sun Jan 14 20:34:30 UTC 2018
#@# Cortical Parc 2 lh Sun Jan 14 20:37:38 UTC 2018
#@# Cortical Parc 2 rh Sun Jan 14 20:38:17 UTC 2018
#@# Parcellation Stats 2 lh Sun Jan 14 20:39:01 UTC 2018
#@# Parcellation Stats 2 rh Sun Jan 14 20:40:33 UTC 2018
#@# Cortical Parc 3 lh Sun Jan 14 20:42:05 UTC 2018
#@# Cortical Parc 3 rh Sun Jan 14 20:42:42 UTC 2018
#@# Parcellation Stats 3 lh Sun Jan 14 20:43:14 UTC 2018
#@# Parcellation Stats 3 rh Sun Jan 14 20:44:41 UTC 2018
#@# WM/GM Contrast lh Sun Jan 14 20:46:14 UTC 2018
#@# WM/GM Contrast rh Sun Jan 14 20:46:28 UTC 2018
#@# Relabel Hypointensities Sun Jan 14 20:46:43 UTC 2018
#@# AParc-to-ASeg aparc Sun Jan 14 20:47:40 UTC 2018
#@# AParc-to-ASeg a2009s Sun Jan 14 21:01:13 UTC 2018
#@# AParc-to-ASeg DKTatlas Sun Jan 14 21:14:40 UTC 2018
#@# APas-to-ASeg Sun Jan 14 21:29:26 UTC 2018
#@# ASeg Stats Sun Jan 14 21:29:46 UTC 2018
#@# WMParc Sun Jan 14 21:40:59 UTC 2018
#@# BA_exvivo Labels lh Sun Jan 14 22:16:09 UTC 2018
#@# BA_exvivo Labels rh Sun Jan 14 22:32:23 UTC 2018
recon-all -s 3857 finished without error at Sun Jan 14 22:48:43 UTC 2018
