status file for recon-all
Mon Jan  8 20:03:35 UTC 2018
#@# MotionCor Mon Jan  8 20:03:41 UTC 2018
#@# Talairach Mon Jan  8 20:04:06 UTC 2018
#@# Talairach Failure Detection Mon Jan  8 20:09:24 UTC 2018
#@# Nu Intensity Correction Mon Jan  8 20:09:24 UTC 2018
#@# Intensity Normalization Mon Jan  8 20:17:16 UTC 2018
#@# Skull Stripping Mon Jan  8 20:23:15 UTC 2018
#@# EM Registration Mon Jan  8 21:06:32 UTC 2018
#@# CA Normalize Mon Jan  8 22:07:47 UTC 2018
#@# CA Reg Mon Jan  8 22:11:57 UTC 2018
#@# SubCort Seg Tue Jan  9 06:39:20 UTC 2018
#@# Merge ASeg Tue Jan  9 09:31:02 UTC 2018
#@# Intensity Normalization2 Tue Jan  9 09:31:02 UTC 2018
#@# Mask BFS Tue Jan  9 09:40:37 UTC 2018
#@# WM Segmentation Tue Jan  9 09:40:43 UTC 2018
#@# Fill Tue Jan  9 09:45:50 UTC 2018
#@# Tessellate lh Tue Jan  9 09:48:02 UTC 2018
#@# Tessellate rh Tue Jan  9 09:48:19 UTC 2018
#@# Smooth1 lh Tue Jan  9 09:48:38 UTC 2018
#@# Smooth1 rh Tue Jan  9 09:48:54 UTC 2018
#@# Inflation1 lh Tue Jan  9 09:49:09 UTC 2018
#@# Inflation1 rh Tue Jan  9 09:50:46 UTC 2018
#@# QSphere lh Tue Jan  9 09:52:18 UTC 2018
#@# QSphere rh Tue Jan  9 10:02:07 UTC 2018
#@# Fix Topology Copy lh Tue Jan  9 10:11:51 UTC 2018
#@# Fix Topology Copy rh Tue Jan  9 10:11:51 UTC 2018
#@# Fix Topology lh Tue Jan  9 10:11:51 UTC 2018
#@# Fix Topology rh Tue Jan  9 11:35:03 UTC 2018
#@# Make White Surf lh Tue Jan  9 12:38:29 UTC 2018
#@# Make White Surf rh Tue Jan  9 12:53:10 UTC 2018
#@# Smooth2 lh Tue Jan  9 13:08:13 UTC 2018
#@# Smooth2 rh Tue Jan  9 13:08:28 UTC 2018
#@# Inflation2 lh Tue Jan  9 13:08:43 UTC 2018
#@# Inflation2 rh Tue Jan  9 13:10:16 UTC 2018
#@# Curv .H and .K lh Tue Jan  9 13:11:56 UTC 2018
#@# Curv .H and .K rh Tue Jan  9 13:15:40 UTC 2018
#@# Curvature Stats lh Tue Jan  9 13:19:22 UTC 2018
#@# Curvature Stats rh Tue Jan  9 13:19:33 UTC 2018
#@# Sphere lh Tue Jan  9 13:19:44 UTC 2018
#@# Sphere rh Tue Jan  9 15:39:22 UTC 2018
#@# Surf Reg lh Tue Jan  9 17:51:02 UTC 2018
#@# Surf Reg rh Tue Jan  9 20:04:55 UTC 2018
#@# Jacobian white lh Tue Jan  9 22:33:28 UTC 2018
#@# Jacobian white rh Tue Jan  9 22:33:32 UTC 2018
#@# AvgCurv lh Tue Jan  9 22:33:36 UTC 2018
#@# AvgCurv rh Tue Jan  9 22:33:39 UTC 2018
#@# Cortical Parc lh Tue Jan  9 22:33:43 UTC 2018
#@# Cortical Parc rh Tue Jan  9 22:34:19 UTC 2018
#@# Make Pial Surf lh Tue Jan  9 22:34:53 UTC 2018
#@# Make Pial Surf rh Tue Jan  9 23:06:57 UTC 2018
#@# Surf Volume lh Tue Jan  9 23:38:55 UTC 2018
#@# Surf Volume rh Tue Jan  9 23:39:01 UTC 2018
#@# Cortical ribbon mask Tue Jan  9 23:39:08 UTC 2018
#@# Parcellation Stats lh Wed Jan 10 00:14:49 UTC 2018
#@# Parcellation Stats rh Wed Jan 10 00:18:13 UTC 2018
#@# Cortical Parc 2 lh Wed Jan 10 00:21:34 UTC 2018
#@# Cortical Parc 2 rh Wed Jan 10 00:22:13 UTC 2018
#@# Parcellation Stats 2 lh Wed Jan 10 00:22:52 UTC 2018
#@# Parcellation Stats 2 rh Wed Jan 10 00:24:23 UTC 2018
#@# Cortical Parc 3 lh Wed Jan 10 00:25:53 UTC 2018
#@# Cortical Parc 3 rh Wed Jan 10 00:26:24 UTC 2018
#@# Parcellation Stats 3 lh Wed Jan 10 00:26:58 UTC 2018
#@# Parcellation Stats 3 rh Wed Jan 10 00:28:27 UTC 2018
#@# WM/GM Contrast lh Wed Jan 10 00:30:08 UTC 2018
#@# WM/GM Contrast rh Wed Jan 10 00:30:23 UTC 2018
#@# Relabel Hypointensities Wed Jan 10 00:30:36 UTC 2018
#@# AParc-to-ASeg aparc Wed Jan 10 00:31:26 UTC 2018
#@# AParc-to-ASeg a2009s Wed Jan 10 00:40:56 UTC 2018
#@# AParc-to-ASeg DKTatlas Wed Jan 10 00:50:35 UTC 2018
#@# APas-to-ASeg Wed Jan 10 01:00:06 UTC 2018
#@# ASeg Stats Wed Jan 10 01:00:19 UTC 2018
#@# WMParc Wed Jan 10 01:07:20 UTC 2018
#@# BA_exvivo Labels lh Wed Jan 10 01:28:25 UTC 2018
#@# BA_exvivo Labels rh Wed Jan 10 01:38:41 UTC 2018
recon-all -s 3541 finished without error at Wed Jan 10 01:49:46 UTC 2018
