status file for recon-all
Fri Jan 19 07:50:14 UTC 2018
#@# MotionCor Fri Jan 19 07:50:23 UTC 2018
#@# Talairach Fri Jan 19 07:50:54 UTC 2018
#@# Talairach Failure Detection Fri Jan 19 07:56:08 UTC 2018
#@# Nu Intensity Correction Fri Jan 19 07:56:09 UTC 2018
#@# Intensity Normalization Fri Jan 19 08:02:13 UTC 2018
#@# Skull Stripping Fri Jan 19 08:07:45 UTC 2018
#@# EM Registration Fri Jan 19 09:12:15 UTC 2018
#@# CA Normalize Fri Jan 19 10:04:08 UTC 2018
#@# CA Reg Fri Jan 19 10:08:19 UTC 2018
#@# SubCort Seg Fri Jan 19 17:05:11 UTC 2018
#@# Merge ASeg Fri Jan 19 19:58:08 UTC 2018
#@# Intensity Normalization2 Fri Jan 19 19:58:08 UTC 2018
#@# Mask BFS Fri Jan 19 20:07:17 UTC 2018
#@# WM Segmentation Fri Jan 19 20:07:23 UTC 2018
#@# Fill Fri Jan 19 20:13:46 UTC 2018
#@# Tessellate lh Fri Jan 19 20:16:02 UTC 2018
#@# Tessellate rh Fri Jan 19 20:16:20 UTC 2018
#@# Smooth1 lh Fri Jan 19 20:16:38 UTC 2018
#@# Smooth1 rh Fri Jan 19 20:16:52 UTC 2018
#@# Inflation1 lh Fri Jan 19 20:17:06 UTC 2018
#@# Inflation1 rh Fri Jan 19 20:18:38 UTC 2018
#@# QSphere lh Fri Jan 19 20:20:12 UTC 2018
#@# QSphere rh Fri Jan 19 20:28:47 UTC 2018
#@# Fix Topology Copy lh Fri Jan 19 20:37:41 UTC 2018
#@# Fix Topology Copy rh Fri Jan 19 20:37:41 UTC 2018
#@# Fix Topology lh Fri Jan 19 20:37:41 UTC 2018
#@# Fix Topology rh Sat Jan 20 02:02:41 UTC 2018
#@# Make White Surf lh Sat Jan 20 06:27:30 UTC 2018
#@# Make White Surf rh Sat Jan 20 06:36:33 UTC 2018
#@# Smooth2 lh Sat Jan 20 06:45:55 UTC 2018
#@# Smooth2 rh Sat Jan 20 06:46:04 UTC 2018
#@# Inflation2 lh Sat Jan 20 06:46:14 UTC 2018
#@# Inflation2 rh Sat Jan 20 06:47:19 UTC 2018
#@# Curv .H and .K lh Sat Jan 20 06:48:25 UTC 2018
#@# Curv .H and .K rh Sat Jan 20 06:51:07 UTC 2018
#@# Curvature Stats lh Sat Jan 20 06:54:06 UTC 2018
#@# Curvature Stats rh Sat Jan 20 06:54:13 UTC 2018
#@# Sphere lh Sat Jan 20 06:54:19 UTC 2018
#@# Sphere rh Sat Jan 20 08:26:19 UTC 2018
#@# Surf Reg lh Sat Jan 20 11:27:04 UTC 2018
#@# Surf Reg rh Sat Jan 20 12:50:09 UTC 2018
#@# Jacobian white lh Sat Jan 20 14:31:46 UTC 2018
#@# Jacobian white rh Sat Jan 20 14:31:49 UTC 2018
#@# AvgCurv lh Sat Jan 20 14:31:52 UTC 2018
#@# AvgCurv rh Sat Jan 20 14:31:55 UTC 2018
#@# Cortical Parc lh Sat Jan 20 14:31:58 UTC 2018
#@# Cortical Parc rh Sat Jan 20 14:32:24 UTC 2018
#@# Make Pial Surf lh Sat Jan 20 14:32:49 UTC 2018
#@# Make Pial Surf rh Sat Jan 20 14:57:19 UTC 2018
#@# Surf Volume lh Sat Jan 20 15:21:40 UTC 2018
#@# Surf Volume rh Sat Jan 20 15:21:45 UTC 2018
#@# Cortical ribbon mask Sat Jan 20 15:21:50 UTC 2018
#@# Parcellation Stats lh Sat Jan 20 15:44:28 UTC 2018
#@# Parcellation Stats rh Sat Jan 20 15:46:58 UTC 2018
#@# Cortical Parc 2 lh Sat Jan 20 15:49:22 UTC 2018
#@# Cortical Parc 2 rh Sat Jan 20 15:49:51 UTC 2018
#@# Parcellation Stats 2 lh Sat Jan 20 15:50:25 UTC 2018
#@# Parcellation Stats 2 rh Sat Jan 20 15:51:38 UTC 2018
#@# Cortical Parc 3 lh Sat Jan 20 15:52:54 UTC 2018
#@# Cortical Parc 3 rh Sat Jan 20 15:53:20 UTC 2018
#@# Parcellation Stats 3 lh Sat Jan 20 15:53:46 UTC 2018
#@# Parcellation Stats 3 rh Sat Jan 20 15:54:57 UTC 2018
#@# WM/GM Contrast lh Sat Jan 20 15:56:11 UTC 2018
#@# WM/GM Contrast rh Sat Jan 20 15:56:22 UTC 2018
#@# Relabel Hypointensities Sat Jan 20 15:56:33 UTC 2018
#@# AParc-to-ASeg aparc Sat Jan 20 15:57:16 UTC 2018
#@# AParc-to-ASeg a2009s Sat Jan 20 16:05:00 UTC 2018
#@# AParc-to-ASeg DKTatlas Sat Jan 20 16:12:51 UTC 2018
#@# APas-to-ASeg Sat Jan 20 16:20:34 UTC 2018
#@# ASeg Stats Sat Jan 20 16:20:47 UTC 2018
#@# WMParc Sat Jan 20 16:28:58 UTC 2018
#@# BA_exvivo Labels lh Sat Jan 20 16:46:25 UTC 2018
#@# BA_exvivo Labels rh Sat Jan 20 16:55:03 UTC 2018
recon-all -s 4038 finished without error at Sat Jan 20 17:03:49 UTC 2018
