status file for recon-all
Sat Jan 13 21:42:49 UTC 2018
#@# MotionCor Sat Jan 13 21:42:58 UTC 2018
#@# Talairach Sat Jan 13 21:43:31 UTC 2018
#@# Talairach Failure Detection Sat Jan 13 21:55:06 UTC 2018
#@# Nu Intensity Correction Sat Jan 13 21:55:06 UTC 2018
#@# Intensity Normalization Sat Jan 13 22:14:49 UTC 2018
#@# Skull Stripping Sat Jan 13 22:22:32 UTC 2018
#@# EM Registration Sat Jan 13 23:16:19 UTC 2018
#@# CA Normalize Sun Jan 14 00:01:20 UTC 2018
#@# CA Reg Sun Jan 14 00:05:43 UTC 2018
#@# SubCort Seg Sun Jan 14 08:54:22 UTC 2018
#@# Merge ASeg Sun Jan 14 11:32:44 UTC 2018
#@# Intensity Normalization2 Sun Jan 14 11:32:44 UTC 2018
#@# Mask BFS Sun Jan 14 11:41:56 UTC 2018
#@# WM Segmentation Sun Jan 14 11:42:00 UTC 2018
#@# Fill Sun Jan 14 11:47:30 UTC 2018
#@# Tessellate lh Sun Jan 14 11:49:44 UTC 2018
#@# Tessellate rh Sun Jan 14 11:49:59 UTC 2018
#@# Smooth1 lh Sun Jan 14 11:50:17 UTC 2018
#@# Smooth1 rh Sun Jan 14 11:50:30 UTC 2018
#@# Inflation1 lh Sun Jan 14 11:50:43 UTC 2018
#@# Inflation1 rh Sun Jan 14 11:52:06 UTC 2018
#@# QSphere lh Sun Jan 14 11:53:26 UTC 2018
#@# QSphere rh Sun Jan 14 12:02:07 UTC 2018
#@# Fix Topology Copy lh Sun Jan 14 12:10:46 UTC 2018
#@# Fix Topology Copy rh Sun Jan 14 12:10:46 UTC 2018
#@# Fix Topology lh Sun Jan 14 12:10:46 UTC 2018
#@# Fix Topology rh Sun Jan 14 13:04:13 UTC 2018
#@# Make White Surf lh Sun Jan 14 14:27:05 UTC 2018
#@# Make White Surf rh Sun Jan 14 14:39:25 UTC 2018
#@# Smooth2 lh Sun Jan 14 14:52:09 UTC 2018
#@# Smooth2 rh Sun Jan 14 14:52:24 UTC 2018
#@# Inflation2 lh Sun Jan 14 14:52:37 UTC 2018
#@# Inflation2 rh Sun Jan 14 14:54:00 UTC 2018
#@# Curv .H and .K lh Sun Jan 14 14:55:18 UTC 2018
#@# Curv .H and .K rh Sun Jan 14 14:58:27 UTC 2018
#@# Curvature Stats lh Sun Jan 14 15:01:39 UTC 2018
#@# Curvature Stats rh Sun Jan 14 15:01:48 UTC 2018
#@# Sphere lh Sun Jan 14 15:01:57 UTC 2018
#@# Sphere rh Sun Jan 14 16:53:42 UTC 2018
#@# Surf Reg lh Sun Jan 14 19:00:06 UTC 2018
#@# Surf Reg rh Sun Jan 14 20:46:41 UTC 2018
#@# Jacobian white lh Sun Jan 14 23:16:39 UTC 2018
#@# Jacobian white rh Sun Jan 14 23:16:44 UTC 2018
#@# AvgCurv lh Sun Jan 14 23:16:49 UTC 2018
#@# AvgCurv rh Sun Jan 14 23:16:52 UTC 2018
#@# Cortical Parc lh Sun Jan 14 23:16:55 UTC 2018
#@# Cortical Parc rh Sun Jan 14 23:17:28 UTC 2018
#@# Make Pial Surf lh Sun Jan 14 23:17:59 UTC 2018
#@# Make Pial Surf rh Sun Jan 14 23:49:57 UTC 2018
#@# Surf Volume lh Mon Jan 15 00:23:50 UTC 2018
#@# Surf Volume rh Mon Jan 15 00:23:58 UTC 2018
#@# Cortical ribbon mask Mon Jan 15 00:24:05 UTC 2018
#@# Parcellation Stats lh Mon Jan 15 01:00:24 UTC 2018
#@# Parcellation Stats rh Mon Jan 15 01:03:47 UTC 2018
#@# Cortical Parc 2 lh Mon Jan 15 01:07:07 UTC 2018
#@# Cortical Parc 2 rh Mon Jan 15 01:07:53 UTC 2018
#@# Parcellation Stats 2 lh Mon Jan 15 01:08:42 UTC 2018
#@# Parcellation Stats 2 rh Mon Jan 15 01:10:29 UTC 2018
#@# Cortical Parc 3 lh Mon Jan 15 01:12:16 UTC 2018
#@# Cortical Parc 3 rh Mon Jan 15 01:12:53 UTC 2018
#@# Parcellation Stats 3 lh Mon Jan 15 01:13:28 UTC 2018
#@# Parcellation Stats 3 rh Mon Jan 15 01:15:13 UTC 2018
#@# WM/GM Contrast lh Mon Jan 15 01:16:58 UTC 2018
#@# WM/GM Contrast rh Mon Jan 15 01:17:13 UTC 2018
#@# Relabel Hypointensities Mon Jan 15 01:17:26 UTC 2018
#@# AParc-to-ASeg aparc Mon Jan 15 01:18:31 UTC 2018
#@# AParc-to-ASeg a2009s Mon Jan 15 01:29:47 UTC 2018
#@# AParc-to-ASeg DKTatlas Mon Jan 15 01:40:27 UTC 2018
#@# APas-to-ASeg Mon Jan 15 01:51:01 UTC 2018
#@# ASeg Stats Mon Jan 15 01:51:19 UTC 2018
#@# WMParc Mon Jan 15 01:59:22 UTC 2018
#@# BA_exvivo Labels lh Mon Jan 15 02:23:40 UTC 2018
#@# BA_exvivo Labels rh Mon Jan 15 02:33:50 UTC 2018
recon-all -s 3854 finished without error at Mon Jan 15 02:43:56 UTC 2018
