status file for recon-all
Mon Jan 15 18:51:08 UTC 2018
#@# MotionCor Mon Jan 15 18:51:17 UTC 2018
#@# Talairach Mon Jan 15 18:51:43 UTC 2018
#@# Talairach Failure Detection Mon Jan 15 18:56:40 UTC 2018
#@# Nu Intensity Correction Mon Jan 15 18:56:40 UTC 2018
#@# Intensity Normalization Mon Jan 15 19:04:19 UTC 2018
#@# Skull Stripping Mon Jan 15 19:10:50 UTC 2018
#@# EM Registration Mon Jan 15 19:57:44 UTC 2018
#@# CA Normalize Mon Jan 15 21:14:00 UTC 2018
#@# CA Reg Mon Jan 15 21:20:29 UTC 2018
#@# SubCort Seg Tue Jan 16 05:12:56 UTC 2018
#@# Merge ASeg Tue Jan 16 07:48:40 UTC 2018
#@# Intensity Normalization2 Tue Jan 16 07:48:40 UTC 2018
#@# Mask BFS Tue Jan 16 07:56:53 UTC 2018
#@# WM Segmentation Tue Jan 16 07:56:57 UTC 2018
#@# Fill Tue Jan 16 08:02:04 UTC 2018
#@# Tessellate lh Tue Jan 16 08:04:10 UTC 2018
#@# Tessellate rh Tue Jan 16 08:04:26 UTC 2018
#@# Smooth1 lh Tue Jan 16 08:04:42 UTC 2018
#@# Smooth1 rh Tue Jan 16 08:04:55 UTC 2018
#@# Inflation1 lh Tue Jan 16 08:05:06 UTC 2018
#@# Inflation1 rh Tue Jan 16 08:06:16 UTC 2018
#@# QSphere lh Tue Jan 16 08:07:26 UTC 2018
#@# QSphere rh Tue Jan 16 08:14:33 UTC 2018
#@# Fix Topology Copy lh Tue Jan 16 08:21:25 UTC 2018
#@# Fix Topology Copy rh Tue Jan 16 08:21:25 UTC 2018
#@# Fix Topology lh Tue Jan 16 08:21:25 UTC 2018
#@# Fix Topology rh Tue Jan 16 11:03:57 UTC 2018
#@# Make White Surf lh Tue Jan 16 16:05:28 UTC 2018
#@# Make White Surf rh Tue Jan 16 16:16:26 UTC 2018
#@# Smooth2 lh Tue Jan 16 16:26:27 UTC 2018
#@# Smooth2 rh Tue Jan 16 16:26:39 UTC 2018
#@# Inflation2 lh Tue Jan 16 16:26:51 UTC 2018
#@# Inflation2 rh Tue Jan 16 16:28:07 UTC 2018
#@# Curv .H and .K lh Tue Jan 16 16:29:24 UTC 2018
#@# Curv .H and .K rh Tue Jan 16 16:32:30 UTC 2018
#@# Curvature Stats lh Tue Jan 16 16:35:29 UTC 2018
#@# Curvature Stats rh Tue Jan 16 16:35:37 UTC 2018
#@# Sphere lh Tue Jan 16 16:35:47 UTC 2018
#@# Sphere rh Tue Jan 16 18:46:19 UTC 2018
#@# Surf Reg lh Tue Jan 16 20:33:59 UTC 2018
#@# Surf Reg rh Tue Jan 16 22:03:15 UTC 2018
#@# Jacobian white lh Tue Jan 16 23:30:00 UTC 2018
#@# Jacobian white rh Tue Jan 16 23:30:03 UTC 2018
#@# AvgCurv lh Tue Jan 16 23:30:06 UTC 2018
#@# AvgCurv rh Tue Jan 16 23:30:09 UTC 2018
#@# Cortical Parc lh Tue Jan 16 23:30:11 UTC 2018
#@# Cortical Parc rh Tue Jan 16 23:30:35 UTC 2018
#@# Make Pial Surf lh Tue Jan 16 23:31:01 UTC 2018
#@# Make Pial Surf rh Tue Jan 16 23:57:00 UTC 2018
#@# Surf Volume lh Wed Jan 17 00:22:40 UTC 2018
#@# Surf Volume rh Wed Jan 17 00:22:49 UTC 2018
#@# Cortical ribbon mask Wed Jan 17 00:22:56 UTC 2018
#@# Parcellation Stats lh Wed Jan 17 00:50:52 UTC 2018
#@# Parcellation Stats rh Wed Jan 17 00:54:42 UTC 2018
#@# Cortical Parc 2 lh Wed Jan 17 00:58:16 UTC 2018
#@# Cortical Parc 2 rh Wed Jan 17 00:59:00 UTC 2018
#@# Parcellation Stats 2 lh Wed Jan 17 00:59:45 UTC 2018
#@# Parcellation Stats 2 rh Wed Jan 17 01:01:36 UTC 2018
#@# Cortical Parc 3 lh Wed Jan 17 01:03:30 UTC 2018
#@# Cortical Parc 3 rh Wed Jan 17 01:04:07 UTC 2018
#@# Parcellation Stats 3 lh Wed Jan 17 01:04:47 UTC 2018
#@# Parcellation Stats 3 rh Wed Jan 17 01:06:34 UTC 2018
#@# WM/GM Contrast lh Wed Jan 17 01:08:14 UTC 2018
#@# WM/GM Contrast rh Wed Jan 17 01:08:31 UTC 2018
#@# Relabel Hypointensities Wed Jan 17 01:08:49 UTC 2018
#@# AParc-to-ASeg aparc Wed Jan 17 01:09:58 UTC 2018
#@# AParc-to-ASeg a2009s Wed Jan 17 01:22:29 UTC 2018
#@# AParc-to-ASeg DKTatlas Wed Jan 17 01:34:05 UTC 2018
#@# APas-to-ASeg Wed Jan 17 01:43:33 UTC 2018
#@# ASeg Stats Wed Jan 17 01:43:49 UTC 2018
#@# WMParc Wed Jan 17 01:50:55 UTC 2018
#@# BA_exvivo Labels lh Wed Jan 17 02:08:31 UTC 2018
#@# BA_exvivo Labels rh Wed Jan 17 02:17:11 UTC 2018
recon-all -s 4079 finished without error at Wed Jan 17 02:25:23 UTC 2018
