status file for recon-all
Thu Jan 11 18:49:39 UTC 2018
#@# MotionCor Thu Jan 11 18:49:47 UTC 2018
#@# Talairach Thu Jan 11 18:50:21 UTC 2018
#@# Talairach Failure Detection Thu Jan 11 18:57:55 UTC 2018
#@# Nu Intensity Correction Thu Jan 11 18:57:55 UTC 2018
#@# Intensity Normalization Thu Jan 11 19:08:54 UTC 2018
#@# Skull Stripping Thu Jan 11 19:15:23 UTC 2018
#@# EM Registration Thu Jan 11 20:16:13 UTC 2018
#@# CA Normalize Thu Jan 11 21:24:27 UTC 2018
#@# CA Reg Thu Jan 11 21:29:18 UTC 2018
#@# SubCort Seg Fri Jan 12 07:10:20 UTC 2018
#@# Merge ASeg Fri Jan 12 10:24:01 UTC 2018
#@# Intensity Normalization2 Fri Jan 12 10:24:01 UTC 2018
#@# Mask BFS Fri Jan 12 10:33:54 UTC 2018
#@# WM Segmentation Fri Jan 12 10:34:01 UTC 2018
#@# Fill Fri Jan 12 10:39:35 UTC 2018
#@# Tessellate lh Fri Jan 12 10:41:42 UTC 2018
#@# Tessellate rh Fri Jan 12 10:41:59 UTC 2018
#@# Smooth1 lh Fri Jan 12 10:42:14 UTC 2018
#@# Smooth1 rh Fri Jan 12 10:42:26 UTC 2018
#@# Inflation1 lh Fri Jan 12 10:42:37 UTC 2018
#@# Inflation1 rh Fri Jan 12 10:43:47 UTC 2018
#@# QSphere lh Fri Jan 12 10:44:56 UTC 2018
#@# QSphere rh Fri Jan 12 10:52:21 UTC 2018
#@# Fix Topology Copy lh Fri Jan 12 10:59:27 UTC 2018
#@# Fix Topology Copy rh Fri Jan 12 10:59:27 UTC 2018
#@# Fix Topology lh Fri Jan 12 10:59:27 UTC 2018
#@# Fix Topology rh Fri Jan 12 11:49:46 UTC 2018
#@# Make White Surf lh Fri Jan 12 12:40:14 UTC 2018
#@# Make White Surf rh Fri Jan 12 12:50:08 UTC 2018
#@# Smooth2 lh Fri Jan 12 13:00:06 UTC 2018
#@# Smooth2 rh Fri Jan 12 13:00:19 UTC 2018
#@# Inflation2 lh Fri Jan 12 13:00:31 UTC 2018
#@# Inflation2 rh Fri Jan 12 13:01:41 UTC 2018
#@# Curv .H and .K lh Fri Jan 12 13:02:53 UTC 2018
#@# Curv .H and .K rh Fri Jan 12 13:05:36 UTC 2018
#@# Curvature Stats lh Fri Jan 12 13:08:21 UTC 2018
#@# Curvature Stats rh Fri Jan 12 13:08:29 UTC 2018
#@# Sphere lh Fri Jan 12 13:08:40 UTC 2018
#@# Sphere rh Fri Jan 12 14:36:20 UTC 2018
#@# Surf Reg lh Fri Jan 12 16:04:01 UTC 2018
#@# Surf Reg rh Fri Jan 12 17:46:03 UTC 2018
#@# Jacobian white lh Fri Jan 12 19:45:17 UTC 2018
#@# Jacobian white rh Fri Jan 12 19:45:21 UTC 2018
#@# AvgCurv lh Fri Jan 12 19:45:25 UTC 2018
#@# AvgCurv rh Fri Jan 12 19:45:28 UTC 2018
#@# Cortical Parc lh Fri Jan 12 19:45:32 UTC 2018
#@# Cortical Parc rh Fri Jan 12 19:46:11 UTC 2018
#@# Make Pial Surf lh Fri Jan 12 19:46:50 UTC 2018
#@# Make Pial Surf rh Fri Jan 12 20:17:56 UTC 2018
#@# Surf Volume lh Fri Jan 12 20:50:57 UTC 2018
#@# Surf Volume rh Fri Jan 12 20:51:06 UTC 2018
#@# Cortical ribbon mask Fri Jan 12 20:51:15 UTC 2018
#@# Parcellation Stats lh Fri Jan 12 21:16:24 UTC 2018
#@# Parcellation Stats rh Fri Jan 12 21:19:33 UTC 2018
#@# Cortical Parc 2 lh Fri Jan 12 21:22:57 UTC 2018
#@# Cortical Parc 2 rh Fri Jan 12 21:23:43 UTC 2018
#@# Parcellation Stats 2 lh Fri Jan 12 21:24:30 UTC 2018
#@# Parcellation Stats 2 rh Fri Jan 12 21:26:21 UTC 2018
#@# Cortical Parc 3 lh Fri Jan 12 21:28:08 UTC 2018
#@# Cortical Parc 3 rh Fri Jan 12 21:28:52 UTC 2018
#@# Parcellation Stats 3 lh Fri Jan 12 21:29:31 UTC 2018
#@# Parcellation Stats 3 rh Fri Jan 12 21:31:08 UTC 2018
#@# WM/GM Contrast lh Fri Jan 12 21:32:37 UTC 2018
#@# WM/GM Contrast rh Fri Jan 12 21:32:52 UTC 2018
#@# Relabel Hypointensities Fri Jan 12 21:33:07 UTC 2018
#@# AParc-to-ASeg aparc Fri Jan 12 21:34:06 UTC 2018
#@# AParc-to-ASeg a2009s Fri Jan 12 21:47:08 UTC 2018
#@# AParc-to-ASeg DKTatlas Fri Jan 12 21:59:46 UTC 2018
#@# APas-to-ASeg Fri Jan 12 22:13:11 UTC 2018
#@# ASeg Stats Fri Jan 12 22:13:31 UTC 2018
#@# WMParc Fri Jan 12 22:26:47 UTC 2018
#@# BA_exvivo Labels lh Fri Jan 12 22:53:46 UTC 2018
#@# BA_exvivo Labels rh Fri Jan 12 23:03:21 UTC 2018
recon-all -s 3630 finished without error at Fri Jan 12 23:12:50 UTC 2018
