status file for recon-all
Wed Jan 17 07:13:14 UTC 2018
#@# MotionCor Wed Jan 17 07:13:17 UTC 2018
#@# Talairach Wed Jan 17 07:13:34 UTC 2018
#@# Talairach Failure Detection Wed Jan 17 07:22:44 UTC 2018
#@# Nu Intensity Correction Wed Jan 17 07:22:44 UTC 2018
#@# Intensity Normalization Wed Jan 17 07:30:59 UTC 2018
#@# Skull Stripping Wed Jan 17 07:37:27 UTC 2018
#@# EM Registration Wed Jan 17 08:37:12 UTC 2018
#@# CA Normalize Wed Jan 17 09:18:01 UTC 2018
#@# CA Reg Wed Jan 17 09:22:05 UTC 2018
#@# SubCort Seg Wed Jan 17 17:54:35 UTC 2018
#@# Merge ASeg Wed Jan 17 21:34:19 UTC 2018
#@# Intensity Normalization2 Wed Jan 17 21:34:19 UTC 2018
#@# Mask BFS Wed Jan 17 21:42:49 UTC 2018
#@# WM Segmentation Wed Jan 17 21:42:54 UTC 2018
#@# Fill Wed Jan 17 21:47:14 UTC 2018
#@# Tessellate lh Wed Jan 17 21:49:21 UTC 2018
#@# Tessellate rh Wed Jan 17 21:49:39 UTC 2018
#@# Smooth1 lh Wed Jan 17 21:49:52 UTC 2018
#@# Smooth1 rh Wed Jan 17 21:50:00 UTC 2018
#@# Inflation1 lh Wed Jan 17 21:50:09 UTC 2018
#@# Inflation1 rh Wed Jan 17 21:51:14 UTC 2018
#@# QSphere lh Wed Jan 17 21:52:12 UTC 2018
#@# QSphere rh Wed Jan 17 21:58:33 UTC 2018
#@# Fix Topology Copy lh Wed Jan 17 22:04:25 UTC 2018
#@# Fix Topology Copy rh Wed Jan 17 22:04:25 UTC 2018
#@# Fix Topology lh Wed Jan 17 22:04:25 UTC 2018
#@# Fix Topology rh Thu Jan 18 02:06:27 UTC 2018
#@# Make White Surf lh Thu Jan 18 04:23:18 UTC 2018
#@# Make White Surf rh Thu Jan 18 04:33:49 UTC 2018
#@# Smooth2 lh Thu Jan 18 04:42:38 UTC 2018
#@# Smooth2 rh Thu Jan 18 04:42:45 UTC 2018
#@# Inflation2 lh Thu Jan 18 04:42:54 UTC 2018
#@# Inflation2 rh Thu Jan 18 04:43:51 UTC 2018
#@# Curv .H and .K lh Thu Jan 18 04:44:46 UTC 2018
#@# Curv .H and .K rh Thu Jan 18 04:47:07 UTC 2018
#@# Curvature Stats lh Thu Jan 18 04:49:26 UTC 2018
#@# Curvature Stats rh Thu Jan 18 04:49:32 UTC 2018
#@# Sphere lh Thu Jan 18 04:49:39 UTC 2018
#@# Sphere rh Thu Jan 18 06:15:00 UTC 2018
#@# Surf Reg lh Thu Jan 18 07:42:30 UTC 2018
#@# Surf Reg rh Thu Jan 18 09:19:39 UTC 2018
#@# Jacobian white lh Thu Jan 18 10:52:50 UTC 2018
#@# Jacobian white rh Thu Jan 18 10:52:53 UTC 2018
#@# AvgCurv lh Thu Jan 18 10:52:55 UTC 2018
#@# AvgCurv rh Thu Jan 18 10:52:58 UTC 2018
#@# Cortical Parc lh Thu Jan 18 10:53:01 UTC 2018
#@# Cortical Parc rh Thu Jan 18 10:53:27 UTC 2018
#@# Make Pial Surf lh Thu Jan 18 10:53:51 UTC 2018
#@# Make Pial Surf rh Thu Jan 18 11:20:28 UTC 2018
#@# Surf Volume lh Thu Jan 18 11:43:42 UTC 2018
#@# Surf Volume rh Thu Jan 18 11:43:46 UTC 2018
#@# Cortical ribbon mask Thu Jan 18 11:43:50 UTC 2018
#@# Parcellation Stats lh Thu Jan 18 11:53:13 UTC 2018
#@# Parcellation Stats rh Thu Jan 18 11:55:12 UTC 2018
#@# Cortical Parc 2 lh Thu Jan 18 11:57:05 UTC 2018
#@# Cortical Parc 2 rh Thu Jan 18 11:57:34 UTC 2018
#@# Parcellation Stats 2 lh Thu Jan 18 11:57:59 UTC 2018
#@# Parcellation Stats 2 rh Thu Jan 18 11:58:58 UTC 2018
#@# Cortical Parc 3 lh Thu Jan 18 11:59:58 UTC 2018
#@# Cortical Parc 3 rh Thu Jan 18 12:00:20 UTC 2018
#@# Parcellation Stats 3 lh Thu Jan 18 12:00:39 UTC 2018
#@# Parcellation Stats 3 rh Thu Jan 18 12:01:38 UTC 2018
#@# WM/GM Contrast lh Thu Jan 18 12:02:41 UTC 2018
#@# WM/GM Contrast rh Thu Jan 18 12:02:50 UTC 2018
#@# Relabel Hypointensities Thu Jan 18 12:02:58 UTC 2018
#@# AParc-to-ASeg aparc Thu Jan 18 12:03:36 UTC 2018
#@# AParc-to-ASeg a2009s Thu Jan 18 12:11:57 UTC 2018
#@# AParc-to-ASeg DKTatlas Thu Jan 18 12:20:32 UTC 2018
#@# APas-to-ASeg Thu Jan 18 12:28:28 UTC 2018
#@# ASeg Stats Thu Jan 18 12:28:43 UTC 2018
#@# WMParc Thu Jan 18 12:36:02 UTC 2018
#@# BA_exvivo Labels lh Thu Jan 18 12:53:59 UTC 2018
#@# BA_exvivo Labels rh Thu Jan 18 13:00:58 UTC 2018
recon-all -s 3419 finished without error at Thu Jan 18 13:07:48 UTC 2018
