status file for recon-all
Mon Jan 15 18:52:18 UTC 2018
#@# MotionCor Mon Jan 15 18:52:32 UTC 2018
#@# Talairach Mon Jan 15 18:53:06 UTC 2018
#@# Talairach Failure Detection Mon Jan 15 18:58:15 UTC 2018
#@# Nu Intensity Correction Mon Jan 15 18:58:15 UTC 2018
#@# Intensity Normalization Mon Jan 15 19:05:56 UTC 2018
#@# Skull Stripping Mon Jan 15 19:12:23 UTC 2018
#@# EM Registration Mon Jan 15 20:06:35 UTC 2018
#@# CA Normalize Mon Jan 15 20:59:33 UTC 2018
#@# CA Reg Mon Jan 15 21:06:12 UTC 2018
#@# SubCort Seg Tue Jan 16 05:32:24 UTC 2018
#@# Merge ASeg Tue Jan 16 08:06:34 UTC 2018
#@# Intensity Normalization2 Tue Jan 16 08:06:34 UTC 2018
#@# Mask BFS Tue Jan 16 08:15:45 UTC 2018
#@# WM Segmentation Tue Jan 16 08:15:49 UTC 2018
#@# Fill Tue Jan 16 08:21:22 UTC 2018
#@# Tessellate lh Tue Jan 16 08:23:26 UTC 2018
#@# Tessellate rh Tue Jan 16 08:23:39 UTC 2018
#@# Smooth1 lh Tue Jan 16 08:23:53 UTC 2018
#@# Smooth1 rh Tue Jan 16 08:24:04 UTC 2018
#@# Inflation1 lh Tue Jan 16 08:24:16 UTC 2018
#@# Inflation1 rh Tue Jan 16 08:25:24 UTC 2018
#@# QSphere lh Tue Jan 16 08:26:35 UTC 2018
#@# QSphere rh Tue Jan 16 08:34:04 UTC 2018
#@# Fix Topology Copy lh Tue Jan 16 08:41:39 UTC 2018
#@# Fix Topology Copy rh Tue Jan 16 08:41:39 UTC 2018
#@# Fix Topology lh Tue Jan 16 08:41:39 UTC 2018
#@# Fix Topology rh Tue Jan 16 10:29:07 UTC 2018
#@# Make White Surf lh Tue Jan 16 12:18:34 UTC 2018
#@# Make White Surf rh Tue Jan 16 12:30:00 UTC 2018
#@# Smooth2 lh Tue Jan 16 12:41:27 UTC 2018
#@# Smooth2 rh Tue Jan 16 12:41:38 UTC 2018
#@# Inflation2 lh Tue Jan 16 12:41:52 UTC 2018
#@# Inflation2 rh Tue Jan 16 12:43:07 UTC 2018
#@# Curv .H and .K lh Tue Jan 16 12:44:22 UTC 2018
#@# Curv .H and .K rh Tue Jan 16 12:47:21 UTC 2018
#@# Curvature Stats lh Tue Jan 16 12:50:24 UTC 2018
#@# Curvature Stats rh Tue Jan 16 12:50:32 UTC 2018
#@# Sphere lh Tue Jan 16 12:50:40 UTC 2018
#@# Sphere rh Tue Jan 16 14:37:41 UTC 2018
#@# Surf Reg lh Tue Jan 16 16:11:28 UTC 2018
#@# Surf Reg rh Tue Jan 16 17:53:46 UTC 2018
#@# Jacobian white lh Tue Jan 16 19:35:34 UTC 2018
#@# Jacobian white rh Tue Jan 16 19:35:39 UTC 2018
#@# AvgCurv lh Tue Jan 16 19:35:43 UTC 2018
#@# AvgCurv rh Tue Jan 16 19:35:47 UTC 2018
#@# Cortical Parc lh Tue Jan 16 19:35:51 UTC 2018
#@# Cortical Parc rh Tue Jan 16 19:36:29 UTC 2018
#@# Make Pial Surf lh Tue Jan 16 19:37:05 UTC 2018
#@# Make Pial Surf rh Tue Jan 16 20:11:40 UTC 2018
#@# Surf Volume lh Tue Jan 16 20:45:08 UTC 2018
#@# Surf Volume rh Tue Jan 16 20:45:17 UTC 2018
#@# Cortical ribbon mask Tue Jan 16 20:45:24 UTC 2018
#@# Parcellation Stats lh Tue Jan 16 21:12:34 UTC 2018
#@# Parcellation Stats rh Tue Jan 16 21:16:07 UTC 2018
#@# Cortical Parc 2 lh Tue Jan 16 21:19:42 UTC 2018
#@# Cortical Parc 2 rh Tue Jan 16 21:20:28 UTC 2018
#@# Parcellation Stats 2 lh Tue Jan 16 21:21:14 UTC 2018
#@# Parcellation Stats 2 rh Tue Jan 16 21:23:00 UTC 2018
#@# Cortical Parc 3 lh Tue Jan 16 21:24:43 UTC 2018
#@# Cortical Parc 3 rh Tue Jan 16 21:25:25 UTC 2018
#@# Parcellation Stats 3 lh Tue Jan 16 21:26:04 UTC 2018
#@# Parcellation Stats 3 rh Tue Jan 16 21:27:42 UTC 2018
#@# WM/GM Contrast lh Tue Jan 16 21:29:28 UTC 2018
#@# WM/GM Contrast rh Tue Jan 16 21:29:42 UTC 2018
#@# Relabel Hypointensities Tue Jan 16 21:29:57 UTC 2018
#@# AParc-to-ASeg aparc Tue Jan 16 21:31:02 UTC 2018
#@# AParc-to-ASeg a2009s Tue Jan 16 21:43:46 UTC 2018
#@# AParc-to-ASeg DKTatlas Tue Jan 16 21:56:29 UTC 2018
#@# APas-to-ASeg Tue Jan 16 22:08:39 UTC 2018
#@# ASeg Stats Tue Jan 16 22:09:00 UTC 2018
#@# WMParc Tue Jan 16 22:21:11 UTC 2018
#@# BA_exvivo Labels lh Tue Jan 16 22:51:22 UTC 2018
#@# BA_exvivo Labels rh Tue Jan 16 23:03:08 UTC 2018
recon-all -s 4085 finished without error at Tue Jan 16 23:14:26 UTC 2018
